May 18, 2015 11:53:16 AM org.apache.catalina.core.AprLifecycleListener init
INFO: The APR based Apache Tomcat Native library which allows optimal performance in production environments was not found on the java.library.path: /usr/java/packages/lib/amd64:/usr/lib64:/lib64:/lib:/usr/lib
May 18, 2015 11:53:17 AM org.apache.coyote.http11.Http11Protocol init
INFO: Initializing Coyote HTTP/1.1 on http-8080
May 18, 2015 11:53:17 AM org.apache.catalina.startup.Catalina load
INFO: Initialization processed in 997 ms
May 18, 2015 11:53:17 AM org.apache.catalina.core.StandardService start
INFO: Starting service Catalina
May 18, 2015 11:53:17 AM org.apache.catalina.core.StandardEngine start
INFO: Starting Servlet Engine: Apache Tomcat/6.0.44
May 18, 2015 11:53:17 AM org.apache.catalina.startup.HostConfig deployDirectory
INFO: Deploying web application directory ROOT
May 18, 2015 11:53:17 AM org.apache.catalina.startup.HostConfig deployDirectory
INFO: Deploying web application directory docs
May 18, 2015 11:53:18 AM org.apache.catalina.startup.HostConfig deployDirectory
INFO: Deploying web application directory manager
May 18, 2015 11:53:18 AM org.apache.catalina.startup.HostConfig deployDirectory
INFO: Deploying web application directory examples
May 18, 2015 11:53:18 AM org.apache.catalina.startup.HostConfig deployDirectory
INFO: Deploying web application directory host-manager
May 18, 2015 11:53:18 AM org.apache.coyote.http11.Http11Protocol start
INFO: Starting Coyote HTTP/1.1 on http-8080
May 18, 2015 11:53:18 AM org.apache.jk.common.ChannelSocket init
INFO: JK: ajp13 listening on /0.0.0.0:8009
May 18, 2015 11:53:18 AM org.apache.jk.server.JkMain start
INFO: Jk running ID=0 time=0/23  config=null
May 18, 2015 11:53:18 AM org.apache.catalina.startup.Catalina start
INFO: Server startup in 1379 ms
May 18, 2015 11:54:22 AM org.apache.coyote.http11.Http11Protocol pause
INFO: Pausing Coyote HTTP/1.1 on http-8080
May 18, 2015 11:54:23 AM org.apache.catalina.core.StandardService stop
INFO: Stopping service Catalina
May 18, 2015 11:54:23 AM org.apache.coyote.http11.Http11Protocol destroy
INFO: Stopping Coyote HTTP/1.1 on http-8080
May 18, 2015 11:54:28 AM org.apache.catalina.core.AprLifecycleListener init
INFO: The APR based Apache Tomcat Native library which allows optimal performance in production environments was not found on the java.library.path: /usr/java/packages/lib/amd64:/usr/lib64:/lib64:/lib:/usr/lib
May 18, 2015 11:54:29 AM org.apache.coyote.http11.Http11Protocol init
INFO: Initializing Coyote HTTP/1.1 on http-8080
May 18, 2015 11:54:29 AM org.apache.catalina.startup.Catalina load
INFO: Initialization processed in 897 ms
May 18, 2015 11:54:29 AM org.apache.tomcat.util.digester.Digester fatalError
SEVERE: Parse Fatal Error at line 29 column 2: The content of elements must consist of well-formed character data or markup.
org.xml.sax.SAXParseException; lineNumber: 29; columnNumber: 2; The content of elements must consist of well-formed character data or markup.
	at com.sun.org.apache.xerces.internal.util.ErrorHandlerWrapper.createSAXParseException(ErrorHandlerWrapper.java:198)
	at com.sun.org.apache.xerces.internal.util.ErrorHandlerWrapper.fatalError(ErrorHandlerWrapper.java:177)
	at com.sun.org.apache.xerces.internal.impl.XMLErrorReporter.reportError(XMLErrorReporter.java:441)
	at com.sun.org.apache.xerces.internal.impl.XMLErrorReporter.reportError(XMLErrorReporter.java:368)
	at com.sun.org.apache.xerces.internal.impl.XMLScanner.reportFatalError(XMLScanner.java:1436)
	at com.sun.org.apache.xerces.internal.impl.XMLDocumentFragmentScannerImpl$FragmentContentDriver.startOfMarkup(XMLDocumentFragmentScannerImpl.java:2636)
	at com.sun.org.apache.xerces.internal.impl.XMLDocumentFragmentScannerImpl$FragmentContentDriver.next(XMLDocumentFragmentScannerImpl.java:2734)
	at com.sun.org.apache.xerces.internal.impl.XMLDocumentScannerImpl.next(XMLDocumentScannerImpl.java:606)
	at com.sun.org.apache.xerces.internal.impl.XMLDocumentFragmentScannerImpl.scanDocument(XMLDocumentFragmentScannerImpl.java:510)
	at com.sun.org.apache.xerces.internal.parsers.XML11Configuration.parse(XML11Configuration.java:848)
	at com.sun.org.apache.xerces.internal.parsers.XML11Configuration.parse(XML11Configuration.java:777)
	at com.sun.org.apache.xerces.internal.parsers.XMLParser.parse(XMLParser.java:141)
	at com.sun.org.apache.xerces.internal.parsers.AbstractSAXParser.parse(AbstractSAXParser.java:1213)
	at com.sun.org.apache.xerces.internal.jaxp.SAXParserImpl$JAXPSAXParser.parse(SAXParserImpl.java:648)
	at org.apache.tomcat.util.digester.Digester.parse(Digester.java:1694)
	at org.apache.catalina.users.MemoryUserDatabase.open(MemoryUserDatabase.java:409)
	at org.apache.catalina.users.MemoryUserDatabaseFactory.getObjectInstance(MemoryUserDatabaseFactory.java:103)
	at org.apache.naming.factory.ResourceFactory.getObjectInstance(ResourceFactory.java:140)
	at javax.naming.spi.NamingManager.getObjectInstance(NamingManager.java:321)
	at org.apache.naming.NamingContext.lookup(NamingContext.java:793)
	at org.apache.naming.NamingContext.lookup(NamingContext.java:140)
	at org.apache.naming.NamingContextBindingsEnumeration.nextElementInternal(NamingContextBindingsEnumeration.java:113)
	at org.apache.naming.NamingContextBindingsEnumeration.next(NamingContextBindingsEnumeration.java:71)
	at org.apache.catalina.mbeans.GlobalResourcesLifecycleListener.createMBeans(GlobalResourcesLifecycleListener.java:137)
	at org.apache.catalina.mbeans.GlobalResourcesLifecycleListener.createMBeans(GlobalResourcesLifecycleListener.java:109)
	at org.apache.catalina.mbeans.GlobalResourcesLifecycleListener.lifecycleEvent(GlobalResourcesLifecycleListener.java:81)
	at org.apache.catalina.util.LifecycleSupport.fireLifecycleEvent(LifecycleSupport.java:142)
	at org.apache.catalina.core.StandardServer.start(StandardServer.java:752)
	at org.apache.catalina.startup.Catalina.start(Catalina.java:595)
	at sun.reflect.NativeMethodAccessorImpl.invoke0(Native Method)
	at sun.reflect.NativeMethodAccessorImpl.invoke(NativeMethodAccessorImpl.java:57)
	at sun.reflect.DelegatingMethodAccessorImpl.invoke(DelegatingMethodAccessorImpl.java:43)
	at java.lang.reflect.Method.invoke(Method.java:606)
	at org.apache.catalina.startup.Bootstrap.start(Bootstrap.java:289)
	at org.apache.catalina.startup.Bootstrap.main(Bootstrap.java:414)

May 18, 2015 11:54:29 AM org.apache.naming.NamingContext lookup
WARNING: Unexpected exception resolving reference
org.xml.sax.SAXParseException; lineNumber: 29; columnNumber: 2; The content of elements must consist of well-formed character data or markup.
	at com.sun.org.apache.xerces.internal.parsers.AbstractSAXParser.parse(AbstractSAXParser.java:1239)
	at com.sun.org.apache.xerces.internal.jaxp.SAXParserImpl$JAXPSAXParser.parse(SAXParserImpl.java:648)
	at org.apache.tomcat.util.digester.Digester.parse(Digester.java:1694)
	at org.apache.catalina.users.MemoryUserDatabase.open(MemoryUserDatabase.java:409)
	at org.apache.catalina.users.MemoryUserDatabaseFactory.getObjectInstance(MemoryUserDatabaseFactory.java:103)
	at org.apache.naming.factory.ResourceFactory.getObjectInstance(ResourceFactory.java:140)
	at javax.naming.spi.NamingManager.getObjectInstance(NamingManager.java:321)
	at org.apache.naming.NamingContext.lookup(NamingContext.java:793)
	at org.apache.naming.NamingContext.lookup(NamingContext.java:140)
	at org.apache.naming.NamingContextBindingsEnumeration.nextElementInternal(NamingContextBindingsEnumeration.java:113)
	at org.apache.naming.NamingContextBindingsEnumeration.next(NamingContextBindingsEnumeration.java:71)
	at org.apache.catalina.mbeans.GlobalResourcesLifecycleListener.createMBeans(GlobalResourcesLifecycleListener.java:137)
	at org.apache.catalina.mbeans.GlobalResourcesLifecycleListener.createMBeans(GlobalResourcesLifecycleListener.java:109)
	at org.apache.catalina.mbeans.GlobalResourcesLifecycleListener.lifecycleEvent(GlobalResourcesLifecycleListener.java:81)
	at org.apache.catalina.util.LifecycleSupport.fireLifecycleEvent(LifecycleSupport.java:142)
	at org.apache.catalina.core.StandardServer.start(StandardServer.java:752)
	at org.apache.catalina.startup.Catalina.start(Catalina.java:595)
	at sun.reflect.NativeMethodAccessorImpl.invoke0(Native Method)
	at sun.reflect.NativeMethodAccessorImpl.invoke(NativeMethodAccessorImpl.java:57)
	at sun.reflect.DelegatingMethodAccessorImpl.invoke(DelegatingMethodAccessorImpl.java:43)
	at java.lang.reflect.Method.invoke(Method.java:606)
	at org.apache.catalina.startup.Bootstrap.start(Bootstrap.java:289)
	at org.apache.catalina.startup.Bootstrap.main(Bootstrap.java:414)

May 18, 2015 11:54:29 AM org.apache.catalina.mbeans.GlobalResourcesLifecycleListener createMBeans
SEVERE: Exception processing Global JNDI Resources
javax.naming.NamingException: The content of elements must consist of well-formed character data or markup.
	at org.apache.naming.NamingContext.lookup(NamingContext.java:805)
	at org.apache.naming.NamingContext.lookup(NamingContext.java:140)
	at org.apache.naming.NamingContextBindingsEnumeration.nextElementInternal(NamingContextBindingsEnumeration.java:113)
	at org.apache.naming.NamingContextBindingsEnumeration.next(NamingContextBindingsEnumeration.java:71)
	at org.apache.catalina.mbeans.GlobalResourcesLifecycleListener.createMBeans(GlobalResourcesLifecycleListener.java:137)
	at org.apache.catalina.mbeans.GlobalResourcesLifecycleListener.createMBeans(GlobalResourcesLifecycleListener.java:109)
	at org.apache.catalina.mbeans.GlobalResourcesLifecycleListener.lifecycleEvent(GlobalResourcesLifecycleListener.java:81)
	at org.apache.catalina.util.LifecycleSupport.fireLifecycleEvent(LifecycleSupport.java:142)
	at org.apache.catalina.core.StandardServer.start(StandardServer.java:752)
	at org.apache.catalina.startup.Catalina.start(Catalina.java:595)
	at sun.reflect.NativeMethodAccessorImpl.invoke0(Native Method)
	at sun.reflect.NativeMethodAccessorImpl.invoke(NativeMethodAccessorImpl.java:57)
	at sun.reflect.DelegatingMethodAccessorImpl.invoke(DelegatingMethodAccessorImpl.java:43)
	at java.lang.reflect.Method.invoke(Method.java:606)
	at org.apache.catalina.startup.Bootstrap.start(Bootstrap.java:289)
	at org.apache.catalina.startup.Bootstrap.main(Bootstrap.java:414)

May 18, 2015 11:54:29 AM org.apache.catalina.core.StandardService start
INFO: Starting service Catalina
May 18, 2015 11:54:29 AM org.apache.catalina.core.StandardEngine start
INFO: Starting Servlet Engine: Apache Tomcat/6.0.44
May 18, 2015 11:54:29 AM org.apache.tomcat.util.digester.Digester fatalError
SEVERE: Parse Fatal Error at line 29 column 2: The content of elements must consist of well-formed character data or markup.
org.xml.sax.SAXParseException; lineNumber: 29; columnNumber: 2; The content of elements must consist of well-formed character data or markup.
	at com.sun.org.apache.xerces.internal.util.ErrorHandlerWrapper.createSAXParseException(ErrorHandlerWrapper.java:198)
	at com.sun.org.apache.xerces.internal.util.ErrorHandlerWrapper.fatalError(ErrorHandlerWrapper.java:177)
	at com.sun.org.apache.xerces.internal.impl.XMLErrorReporter.reportError(XMLErrorReporter.java:441)
	at com.sun.org.apache.xerces.internal.impl.XMLErrorReporter.reportError(XMLErrorReporter.java:368)
	at com.sun.org.apache.xerces.internal.impl.XMLScanner.reportFatalError(XMLScanner.java:1436)
	at com.sun.org.apache.xerces.internal.impl.XMLDocumentFragmentScannerImpl$FragmentContentDriver.startOfMarkup(XMLDocumentFragmentScannerImpl.java:2636)
	at com.sun.org.apache.xerces.internal.impl.XMLDocumentFragmentScannerImpl$FragmentContentDriver.next(XMLDocumentFragmentScannerImpl.java:2734)
	at com.sun.org.apache.xerces.internal.impl.XMLDocumentScannerImpl.next(XMLDocumentScannerImpl.java:606)
	at com.sun.org.apache.xerces.internal.impl.XMLDocumentFragmentScannerImpl.scanDocument(XMLDocumentFragmentScannerImpl.java:510)
	at com.sun.org.apache.xerces.internal.parsers.XML11Configuration.parse(XML11Configuration.java:848)
	at com.sun.org.apache.xerces.internal.parsers.XML11Configuration.parse(XML11Configuration.java:777)
	at com.sun.org.apache.xerces.internal.parsers.XMLParser.parse(XMLParser.java:141)
	at com.sun.org.apache.xerces.internal.parsers.AbstractSAXParser.parse(AbstractSAXParser.java:1213)
	at com.sun.org.apache.xerces.internal.jaxp.SAXParserImpl$JAXPSAXParser.parse(SAXParserImpl.java:648)
	at org.apache.tomcat.util.digester.Digester.parse(Digester.java:1694)
	at org.apache.catalina.users.MemoryUserDatabase.open(MemoryUserDatabase.java:409)
	at org.apache.catalina.users.MemoryUserDatabaseFactory.getObjectInstance(MemoryUserDatabaseFactory.java:103)
	at org.apache.naming.factory.ResourceFactory.getObjectInstance(ResourceFactory.java:140)
	at javax.naming.spi.NamingManager.getObjectInstance(NamingManager.java:321)
	at org.apache.naming.NamingContext.lookup(NamingContext.java:793)
	at org.apache.naming.NamingContext.lookup(NamingContext.java:153)
	at org.apache.catalina.realm.UserDatabaseRealm.start(UserDatabaseRealm.java:253)
	at org.apache.catalina.core.ContainerBase.start(ContainerBase.java:1052)
	at org.apache.catalina.core.StandardEngine.start(StandardEngine.java:463)
	at org.apache.catalina.core.StandardService.start(StandardService.java:525)
	at org.apache.catalina.core.StandardServer.start(StandardServer.java:759)
	at org.apache.catalina.startup.Catalina.start(Catalina.java:595)
	at sun.reflect.NativeMethodAccessorImpl.invoke0(Native Method)
	at sun.reflect.NativeMethodAccessorImpl.invoke(NativeMethodAccessorImpl.java:57)
	at sun.reflect.DelegatingMethodAccessorImpl.invoke(DelegatingMethodAccessorImpl.java:43)
	at java.lang.reflect.Method.invoke(Method.java:606)
	at org.apache.catalina.startup.Bootstrap.start(Bootstrap.java:289)
	at org.apache.catalina.startup.Bootstrap.main(Bootstrap.java:414)

May 18, 2015 11:54:29 AM org.apache.naming.NamingContext lookup
WARNING: Unexpected exception resolving reference
org.xml.sax.SAXParseException; lineNumber: 29; columnNumber: 2; The content of elements must consist of well-formed character data or markup.
	at com.sun.org.apache.xerces.internal.parsers.AbstractSAXParser.parse(AbstractSAXParser.java:1239)
	at com.sun.org.apache.xerces.internal.jaxp.SAXParserImpl$JAXPSAXParser.parse(SAXParserImpl.java:648)
	at org.apache.tomcat.util.digester.Digester.parse(Digester.java:1694)
	at org.apache.catalina.users.MemoryUserDatabase.open(MemoryUserDatabase.java:409)
	at org.apache.catalina.users.MemoryUserDatabaseFactory.getObjectInstance(MemoryUserDatabaseFactory.java:103)
	at org.apache.naming.factory.ResourceFactory.getObjectInstance(ResourceFactory.java:140)
	at javax.naming.spi.NamingManager.getObjectInstance(NamingManager.java:321)
	at org.apache.naming.NamingContext.lookup(NamingContext.java:793)
	at org.apache.naming.NamingContext.lookup(NamingContext.java:153)
	at org.apache.catalina.realm.UserDatabaseRealm.start(UserDatabaseRealm.java:253)
	at org.apache.catalina.core.ContainerBase.start(ContainerBase.java:1052)
	at org.apache.catalina.core.StandardEngine.start(StandardEngine.java:463)
	at org.apache.catalina.core.StandardService.start(StandardService.java:525)
	at org.apache.catalina.core.StandardServer.start(StandardServer.java:759)
	at org.apache.catalina.startup.Catalina.start(Catalina.java:595)
	at sun.reflect.NativeMethodAccessorImpl.invoke0(Native Method)
	at sun.reflect.NativeMethodAccessorImpl.invoke(NativeMethodAccessorImpl.java:57)
	at sun.reflect.DelegatingMethodAccessorImpl.invoke(DelegatingMethodAccessorImpl.java:43)
	at java.lang.reflect.Method.invoke(Method.java:606)
	at org.apache.catalina.startup.Bootstrap.start(Bootstrap.java:289)
	at org.apache.catalina.startup.Bootstrap.main(Bootstrap.java:414)

May 18, 2015 11:54:29 AM org.apache.catalina.realm.UserDatabaseRealm start
SEVERE: Exception looking up UserDatabase under key UserDatabase
javax.naming.NamingException: The content of elements must consist of well-formed character data or markup.
	at org.apache.naming.NamingContext.lookup(NamingContext.java:805)
	at org.apache.naming.NamingContext.lookup(NamingContext.java:153)
	at org.apache.catalina.realm.UserDatabaseRealm.start(UserDatabaseRealm.java:253)
	at org.apache.catalina.core.ContainerBase.start(ContainerBase.java:1052)
	at org.apache.catalina.core.StandardEngine.start(StandardEngine.java:463)
	at org.apache.catalina.core.StandardService.start(StandardService.java:525)
	at org.apache.catalina.core.StandardServer.start(StandardServer.java:759)
	at org.apache.catalina.startup.Catalina.start(Catalina.java:595)
	at sun.reflect.NativeMethodAccessorImpl.invoke0(Native Method)
	at sun.reflect.NativeMethodAccessorImpl.invoke(NativeMethodAccessorImpl.java:57)
	at sun.reflect.DelegatingMethodAccessorImpl.invoke(DelegatingMethodAccessorImpl.java:43)
	at java.lang.reflect.Method.invoke(Method.java:606)
	at org.apache.catalina.startup.Bootstrap.start(Bootstrap.java:289)
	at org.apache.catalina.startup.Bootstrap.main(Bootstrap.java:414)

May 18, 2015 11:54:29 AM org.apache.catalina.startup.Catalina start
SEVERE: Catalina.start: 
LifecycleException:  No UserDatabase component found under key UserDatabase
	at org.apache.catalina.realm.UserDatabaseRealm.start(UserDatabaseRealm.java:261)
	at org.apache.catalina.core.ContainerBase.start(ContainerBase.java:1052)
	at org.apache.catalina.core.StandardEngine.start(StandardEngine.java:463)
	at org.apache.catalina.core.StandardService.start(StandardService.java:525)
	at org.apache.catalina.core.StandardServer.start(StandardServer.java:759)
	at org.apache.catalina.startup.Catalina.start(Catalina.java:595)
	at sun.reflect.NativeMethodAccessorImpl.invoke0(Native Method)
	at sun.reflect.NativeMethodAccessorImpl.invoke(NativeMethodAccessorImpl.java:57)
	at sun.reflect.DelegatingMethodAccessorImpl.invoke(DelegatingMethodAccessorImpl.java:43)
	at java.lang.reflect.Method.invoke(Method.java:606)
	at org.apache.catalina.startup.Bootstrap.start(Bootstrap.java:289)
	at org.apache.catalina.startup.Bootstrap.main(Bootstrap.java:414)

May 18, 2015 11:54:29 AM org.apache.catalina.startup.Catalina start
INFO: Server startup in 100 ms
May 18, 2015 11:55:50 AM org.apache.catalina.core.AprLifecycleListener init
INFO: The APR based Apache Tomcat Native library which allows optimal performance in production environments was not found on the java.library.path: /usr/java/packages/lib/amd64:/usr/lib64:/lib64:/lib:/usr/lib
May 18, 2015 11:55:50 AM org.apache.coyote.http11.Http11Protocol init
SEVERE: Error initializing endpoint
java.net.BindException: Address already in use <null>:8080
	at org.apache.tomcat.util.net.JIoEndpoint.init(JIoEndpoint.java:549)
	at org.apache.coyote.http11.Http11Protocol.init(Http11Protocol.java:182)
	at org.apache.catalina.connector.Connector.initialize(Connector.java:1123)
	at org.apache.catalina.core.StandardService.initialize(StandardService.java:703)
	at org.apache.catalina.core.StandardServer.initialize(StandardServer.java:843)
	at org.apache.catalina.startup.Catalina.load(Catalina.java:538)
	at org.apache.catalina.startup.Catalina.load(Catalina.java:562)
	at sun.reflect.NativeMethodAccessorImpl.invoke0(Native Method)
	at sun.reflect.NativeMethodAccessorImpl.invoke(NativeMethodAccessorImpl.java:57)
	at sun.reflect.DelegatingMethodAccessorImpl.invoke(DelegatingMethodAccessorImpl.java:43)
	at java.lang.reflect.Method.invoke(Method.java:606)
	at org.apache.catalina.startup.Bootstrap.load(Bootstrap.java:261)
	at org.apache.catalina.startup.Bootstrap.main(Bootstrap.java:413)
Caused by: java.net.BindException: Address already in use
	at java.net.PlainSocketImpl.socketBind(Native Method)
	at java.net.AbstractPlainSocketImpl.bind(AbstractPlainSocketImpl.java:376)
	at java.net.ServerSocket.bind(ServerSocket.java:376)
	at java.net.ServerSocket.<init>(ServerSocket.java:237)
	at java.net.ServerSocket.<init>(ServerSocket.java:181)
	at org.apache.tomcat.util.net.DefaultServerSocketFactory.createSocket(DefaultServerSocketFactory.java:50)
	at org.apache.tomcat.util.net.JIoEndpoint.init(JIoEndpoint.java:538)
	... 12 more

May 18, 2015 11:55:50 AM org.apache.catalina.core.StandardService initialize
SEVERE: Failed to initialize connector [Connector[HTTP/1.1-8080]]
LifecycleException:  Protocol handler initialization failed: java.net.BindException: Address already in use <null>:8080
	at org.apache.catalina.connector.Connector.initialize(Connector.java:1125)
	at org.apache.catalina.core.StandardService.initialize(StandardService.java:703)
	at org.apache.catalina.core.StandardServer.initialize(StandardServer.java:843)
	at org.apache.catalina.startup.Catalina.load(Catalina.java:538)
	at org.apache.catalina.startup.Catalina.load(Catalina.java:562)
	at sun.reflect.NativeMethodAccessorImpl.invoke0(Native Method)
	at sun.reflect.NativeMethodAccessorImpl.invoke(NativeMethodAccessorImpl.java:57)
	at sun.reflect.DelegatingMethodAccessorImpl.invoke(DelegatingMethodAccessorImpl.java:43)
	at java.lang.reflect.Method.invoke(Method.java:606)
	at org.apache.catalina.startup.Bootstrap.load(Bootstrap.java:261)
	at org.apache.catalina.startup.Bootstrap.main(Bootstrap.java:413)

May 18, 2015 11:55:50 AM org.apache.catalina.startup.Catalina load
INFO: Initialization processed in 881 ms
May 18, 2015 11:55:50 AM org.apache.catalina.core.StandardService start
INFO: Starting service Catalina
May 18, 2015 11:55:50 AM org.apache.catalina.core.StandardEngine start
INFO: Starting Servlet Engine: Apache Tomcat/6.0.44
May 18, 2015 11:55:50 AM org.apache.catalina.startup.HostConfig deployDescriptor
INFO: Deploying configuration descriptor host-manager.xml
May 18, 2015 11:55:51 AM org.apache.catalina.startup.HostConfig deployDescriptor
INFO: Deploying configuration descriptor manager.xml
May 18, 2015 11:55:51 AM org.apache.catalina.startup.HostConfig deployDirectory
INFO: Deploying web application directory ROOT
May 18, 2015 11:55:51 AM org.apache.catalina.startup.HostConfig deployDirectory
INFO: Deploying web application directory docs
May 18, 2015 11:55:51 AM org.apache.catalina.startup.HostConfig deployDirectory
INFO: Deploying web application directory examples
May 18, 2015 11:55:51 AM org.apache.coyote.http11.Http11Protocol start
SEVERE: Error starting endpoint
java.net.BindException: Address already in use <null>:8080
	at org.apache.tomcat.util.net.JIoEndpoint.init(JIoEndpoint.java:549)
	at org.apache.tomcat.util.net.JIoEndpoint.start(JIoEndpoint.java:565)
	at org.apache.coyote.http11.Http11Protocol.start(Http11Protocol.java:209)
	at org.apache.catalina.connector.Connector.start(Connector.java:1196)
	at org.apache.catalina.core.StandardService.start(StandardService.java:540)
	at org.apache.catalina.core.StandardServer.start(StandardServer.java:759)
	at org.apache.catalina.startup.Catalina.start(Catalina.java:595)
	at sun.reflect.NativeMethodAccessorImpl.invoke0(Native Method)
	at sun.reflect.NativeMethodAccessorImpl.invoke(NativeMethodAccessorImpl.java:57)
	at sun.reflect.DelegatingMethodAccessorImpl.invoke(DelegatingMethodAccessorImpl.java:43)
	at java.lang.reflect.Method.invoke(Method.java:606)
	at org.apache.catalina.startup.Bootstrap.start(Bootstrap.java:289)
	at org.apache.catalina.startup.Bootstrap.main(Bootstrap.java:414)
Caused by: java.net.BindException: Address already in use
	at java.net.PlainSocketImpl.socketBind(Native Method)
	at java.net.AbstractPlainSocketImpl.bind(AbstractPlainSocketImpl.java:376)
	at java.net.ServerSocket.bind(ServerSocket.java:376)
	at java.net.ServerSocket.<init>(ServerSocket.java:237)
	at java.net.ServerSocket.<init>(ServerSocket.java:181)
	at org.apache.tomcat.util.net.DefaultServerSocketFactory.createSocket(DefaultServerSocketFactory.java:50)
	at org.apache.tomcat.util.net.JIoEndpoint.init(JIoEndpoint.java:538)
	... 12 more

May 18, 2015 11:55:51 AM org.apache.catalina.core.StandardService start
SEVERE: Failed to start connector [Connector[HTTP/1.1-8080]]
LifecycleException:  service.getName(): "Catalina";  Protocol handler start failed: java.net.BindException: Address already in use <null>:8080
	at org.apache.catalina.connector.Connector.start(Connector.java:1203)
	at org.apache.catalina.core.StandardService.start(StandardService.java:540)
	at org.apache.catalina.core.StandardServer.start(StandardServer.java:759)
	at org.apache.catalina.startup.Catalina.start(Catalina.java:595)
	at sun.reflect.NativeMethodAccessorImpl.invoke0(Native Method)
	at sun.reflect.NativeMethodAccessorImpl.invoke(NativeMethodAccessorImpl.java:57)
	at sun.reflect.DelegatingMethodAccessorImpl.invoke(DelegatingMethodAccessorImpl.java:43)
	at java.lang.reflect.Method.invoke(Method.java:606)
	at org.apache.catalina.startup.Bootstrap.start(Bootstrap.java:289)
	at org.apache.catalina.startup.Bootstrap.main(Bootstrap.java:414)

May 18, 2015 11:55:51 AM org.apache.jk.common.ChannelSocket init
INFO: JK: ajp13 listening on /0.0.0.0:8009
May 18, 2015 11:55:51 AM org.apache.jk.server.JkMain start
INFO: Jk running ID=0 time=1/22  config=null
May 18, 2015 11:55:52 AM org.apache.catalina.startup.Catalina start
INFO: Server startup in 1469 ms
May 18, 2015 11:55:52 AM org.apache.catalina.core.StandardServer await
SEVERE: StandardServer.await: create[8005]: 
java.net.BindException: Address already in use
	at java.net.PlainSocketImpl.socketBind(Native Method)
	at java.net.AbstractPlainSocketImpl.bind(AbstractPlainSocketImpl.java:376)
	at java.net.ServerSocket.bind(ServerSocket.java:376)
	at java.net.ServerSocket.<init>(ServerSocket.java:237)
	at org.apache.catalina.core.StandardServer.await(StandardServer.java:404)
	at org.apache.catalina.startup.Catalina.await(Catalina.java:676)
	at org.apache.catalina.startup.Catalina.start(Catalina.java:628)
	at sun.reflect.NativeMethodAccessorImpl.invoke0(Native Method)
	at sun.reflect.NativeMethodAccessorImpl.invoke(NativeMethodAccessorImpl.java:57)
	at sun.reflect.DelegatingMethodAccessorImpl.invoke(DelegatingMethodAccessorImpl.java:43)
	at java.lang.reflect.Method.invoke(Method.java:606)
	at org.apache.catalina.startup.Bootstrap.start(Bootstrap.java:289)
	at org.apache.catalina.startup.Bootstrap.main(Bootstrap.java:414)

May 18, 2015 11:55:52 AM org.apache.coyote.http11.Http11Protocol pause
INFO: Pausing Coyote HTTP/1.1 on http-8080
May 18, 2015 11:55:53 AM org.apache.catalina.core.StandardService stop
INFO: Stopping service Catalina
May 18, 2015 11:55:53 AM org.apache.coyote.http11.Http11Protocol destroy
INFO: Stopping Coyote HTTP/1.1 on http-8080
May 18, 2015 11:56:02 AM org.apache.coyote.http11.Http11Protocol pause
INFO: Pausing Coyote HTTP/1.1 on http-8080
May 18, 2015 11:56:03 AM org.apache.catalina.core.StandardService stop
INFO: Stopping service Catalina
May 18, 2015 11:56:03 AM org.apache.catalina.startup.Catalina stop
SEVERE: Catalina.stop
LifecycleException:  Pipeline has not been started
	at org.apache.catalina.core.StandardPipeline.stop(StandardPipeline.java:257)
	at org.apache.catalina.core.ContainerBase.stop(ContainerBase.java:1106)
	at org.apache.catalina.core.StandardEngine.stop(StandardEngine.java:468)
	at org.apache.catalina.core.StandardService.stop(StandardService.java:604)
	at org.apache.catalina.core.StandardServer.stop(StandardServer.java:793)
	at org.apache.catalina.startup.Catalina.stop(Catalina.java:662)
	at org.apache.catalina.startup.Catalina.start(Catalina.java:629)
	at sun.reflect.NativeMethodAccessorImpl.invoke0(Native Method)
	at sun.reflect.NativeMethodAccessorImpl.invoke(NativeMethodAccessorImpl.java:57)
	at sun.reflect.DelegatingMethodAccessorImpl.invoke(DelegatingMethodAccessorImpl.java:43)
	at java.lang.reflect.Method.invoke(Method.java:606)
	at org.apache.catalina.startup.Bootstrap.start(Bootstrap.java:289)
	at org.apache.catalina.startup.Bootstrap.main(Bootstrap.java:414)

May 18, 2015 11:56:06 AM org.apache.catalina.core.AprLifecycleListener init
INFO: The APR based Apache Tomcat Native library which allows optimal performance in production environments was not found on the java.library.path: /usr/java/packages/lib/amd64:/usr/lib64:/lib64:/lib:/usr/lib
May 18, 2015 11:56:06 AM org.apache.coyote.http11.Http11Protocol init
INFO: Initializing Coyote HTTP/1.1 on http-8080
May 18, 2015 11:56:06 AM org.apache.catalina.startup.Catalina load
INFO: Initialization processed in 918 ms
May 18, 2015 11:56:06 AM org.apache.catalina.core.StandardService start
INFO: Starting service Catalina
May 18, 2015 11:56:06 AM org.apache.catalina.core.StandardEngine start
INFO: Starting Servlet Engine: Apache Tomcat/6.0.44
May 18, 2015 11:56:06 AM org.apache.catalina.startup.HostConfig deployDescriptor
INFO: Deploying configuration descriptor host-manager.xml
May 18, 2015 11:56:07 AM org.apache.catalina.startup.HostConfig deployDescriptor
INFO: Deploying configuration descriptor manager.xml
May 18, 2015 11:56:07 AM org.apache.catalina.startup.HostConfig deployDirectory
INFO: Deploying web application directory ROOT
May 18, 2015 11:56:07 AM org.apache.catalina.startup.HostConfig deployDirectory
INFO: Deploying web application directory docs
May 18, 2015 11:56:07 AM org.apache.catalina.startup.HostConfig deployDirectory
INFO: Deploying web application directory examples
May 18, 2015 11:56:08 AM org.apache.coyote.http11.Http11Protocol start
INFO: Starting Coyote HTTP/1.1 on http-8080
May 18, 2015 11:56:08 AM org.apache.jk.common.ChannelSocket init
INFO: JK: ajp13 listening on /0.0.0.0:8009
May 18, 2015 11:56:08 AM org.apache.jk.server.JkMain start
INFO: Jk running ID=0 time=0/24  config=null
May 18, 2015 11:56:08 AM org.apache.catalina.startup.Catalina start
INFO: Server startup in 1484 ms
May 18, 2015 11:57:50 AM org.apache.coyote.http11.Http11Protocol pause
INFO: Pausing Coyote HTTP/1.1 on http-8080
May 18, 2015 11:57:51 AM org.apache.catalina.core.StandardService stop
INFO: Stopping service Catalina
May 18, 2015 11:57:51 AM org.apache.coyote.http11.Http11Protocol destroy
INFO: Stopping Coyote HTTP/1.1 on http-8080
May 18, 2015 11:57:55 AM org.apache.catalina.core.AprLifecycleListener init
INFO: The APR based Apache Tomcat Native library which allows optimal performance in production environments was not found on the java.library.path: /usr/java/packages/lib/amd64:/usr/lib64:/lib64:/lib:/usr/lib
May 18, 2015 11:57:55 AM org.apache.coyote.http11.Http11Protocol init
INFO: Initializing Coyote HTTP/1.1 on http-8080
May 18, 2015 11:57:55 AM org.apache.catalina.startup.Catalina load
INFO: Initialization processed in 1109 ms
May 18, 2015 11:57:55 AM org.apache.catalina.core.StandardService start
INFO: Starting service Catalina
May 18, 2015 11:57:55 AM org.apache.catalina.core.StandardEngine start
INFO: Starting Servlet Engine: Apache Tomcat/6.0.44
May 18, 2015 11:57:55 AM org.apache.catalina.startup.HostConfig deployDescriptor
INFO: Deploying configuration descriptor host-manager.xml
May 18, 2015 11:57:56 AM org.apache.catalina.startup.HostConfig deployDescriptor
INFO: Deploying configuration descriptor manager.xml
May 18, 2015 11:57:56 AM org.apache.catalina.startup.HostConfig deployDirectory
INFO: Deploying web application directory ROOT
May 18, 2015 11:57:56 AM org.apache.catalina.startup.HostConfig deployDirectory
INFO: Deploying web application directory docs
May 18, 2015 11:57:56 AM org.apache.catalina.startup.HostConfig deployDirectory
INFO: Deploying web application directory examples
May 18, 2015 11:57:57 AM org.apache.coyote.http11.Http11Protocol start
INFO: Starting Coyote HTTP/1.1 on http-8080
May 18, 2015 11:57:57 AM org.apache.jk.common.ChannelSocket init
INFO: JK: ajp13 listening on /0.0.0.0:8009
May 18, 2015 11:57:57 AM org.apache.jk.server.JkMain start
INFO: Jk running ID=0 time=0/69  config=null
May 18, 2015 11:57:57 AM org.apache.catalina.startup.Catalina start
INFO: Server startup in 1592 ms
May 18, 2015 11:58:39 AM org.apache.coyote.http11.Http11Protocol pause
INFO: Pausing Coyote HTTP/1.1 on http-8080
May 18, 2015 11:58:40 AM org.apache.catalina.core.StandardService stop
INFO: Stopping service Catalina
May 18, 2015 11:58:40 AM org.apache.coyote.http11.Http11Protocol destroy
INFO: Stopping Coyote HTTP/1.1 on http-8080
May 18, 2015 11:59:12 AM org.apache.catalina.core.AprLifecycleListener init
INFO: The APR based Apache Tomcat Native library which allows optimal performance in production environments was not found on the java.library.path: /usr/java/packages/lib/amd64:/usr/lib64:/lib64:/lib:/usr/lib
May 18, 2015 11:59:12 AM org.apache.coyote.http11.Http11Protocol init
INFO: Initializing Coyote HTTP/1.1 on http-8080
May 18, 2015 11:59:12 AM org.apache.catalina.startup.Catalina load
INFO: Initialization processed in 945 ms
May 18, 2015 11:59:12 AM org.apache.catalina.core.StandardService start
INFO: Starting service Catalina
May 18, 2015 11:59:12 AM org.apache.catalina.core.StandardEngine start
INFO: Starting Servlet Engine: Apache Tomcat/6.0.44
May 18, 2015 11:59:12 AM org.apache.catalina.startup.HostConfig deployDescriptor
INFO: Deploying configuration descriptor host-manager.xml
May 18, 2015 11:59:13 AM org.apache.catalina.startup.HostConfig deployDescriptor
INFO: Deploying configuration descriptor manager.xml
May 18, 2015 11:59:13 AM org.apache.catalina.startup.HostConfig deployDirectory
INFO: Deploying web application directory ROOT
May 18, 2015 11:59:13 AM org.apache.catalina.startup.HostConfig deployDirectory
INFO: Deploying web application directory docs
May 18, 2015 11:59:13 AM org.apache.catalina.startup.HostConfig deployDirectory
INFO: Deploying web application directory examples
May 18, 2015 11:59:13 AM org.apache.coyote.http11.Http11Protocol start
INFO: Starting Coyote HTTP/1.1 on http-8080
May 18, 2015 11:59:14 AM org.apache.jk.common.ChannelSocket init
INFO: JK: ajp13 listening on /0.0.0.0:8009
May 18, 2015 11:59:14 AM org.apache.jk.server.JkMain start
INFO: Jk running ID=0 time=0/23  config=null
May 18, 2015 11:59:14 AM org.apache.catalina.startup.Catalina start
INFO: Server startup in 1523 ms
May 18, 2015 12:00:05 PM org.apache.coyote.http11.Http11Protocol pause
INFO: Pausing Coyote HTTP/1.1 on http-8080
May 18, 2015 12:00:06 PM org.apache.catalina.core.StandardService stop
INFO: Stopping service Catalina
May 18, 2015 12:00:06 PM org.apache.coyote.http11.Http11Protocol destroy
INFO: Stopping Coyote HTTP/1.1 on http-8080
May 18, 2015 12:01:09 PM org.apache.catalina.core.AprLifecycleListener init
INFO: The APR based Apache Tomcat Native library which allows optimal performance in production environments was not found on the java.library.path: /usr/java/packages/lib/amd64:/usr/lib64:/lib64:/lib:/usr/lib
May 18, 2015 12:01:09 PM org.apache.coyote.http11.Http11Protocol init
INFO: Initializing Coyote HTTP/1.1 on http-8080
May 18, 2015 12:01:09 PM org.apache.catalina.startup.Catalina load
INFO: Initialization processed in 850 ms
May 18, 2015 12:01:09 PM org.apache.catalina.core.StandardService start
INFO: Starting service Catalina
May 18, 2015 12:01:09 PM org.apache.catalina.core.StandardEngine start
INFO: Starting Servlet Engine: Apache Tomcat/6.0.44
May 18, 2015 12:01:09 PM org.apache.catalina.startup.HostConfig deployDescriptor
INFO: Deploying configuration descriptor host-manager.xml
May 18, 2015 12:01:10 PM org.apache.catalina.startup.HostConfig deployDescriptor
INFO: Deploying configuration descriptor manager.xml
May 18, 2015 12:01:10 PM org.apache.catalina.startup.HostConfig deployWAR
INFO: Deploying web application archive jenkins.war
May 18, 2015 12:01:15 PM org.apache.catalina.startup.HostConfig deployDirectory
INFO: Deploying web application directory ROOT
May 18, 2015 12:01:15 PM org.apache.catalina.startup.HostConfig deployDirectory
INFO: Deploying web application directory docs
May 18, 2015 12:01:15 PM org.apache.catalina.startup.HostConfig deployDirectory
INFO: Deploying web application directory examples
May 18, 2015 12:01:16 PM org.apache.coyote.http11.Http11Protocol start
INFO: Starting Coyote HTTP/1.1 on http-8080
May 18, 2015 12:01:16 PM org.apache.jk.common.ChannelSocket init
INFO: JK: ajp13 listening on /0.0.0.0:8009
May 18, 2015 12:01:16 PM org.apache.jk.server.JkMain start
INFO: Jk running ID=0 time=0/78  config=null
May 18, 2015 12:01:16 PM org.apache.catalina.startup.Catalina start
INFO: Server startup in 6353 ms
May 18, 2015 12:01:16 PM jenkins.InitReactorRunner$1 onAttained
INFO: Started initialization
May 18, 2015 12:01:35 PM jenkins.InitReactorRunner$1 onAttained
INFO: Listed all plugins
May 18, 2015 12:01:35 PM jenkins.InitReactorRunner$1 onAttained
INFO: Prepared all plugins
May 18, 2015 12:01:35 PM jenkins.InitReactorRunner$1 onAttained
INFO: Started all plugins
May 18, 2015 12:01:35 PM jenkins.InitReactorRunner$1 onAttained
INFO: Augmented all extensions
May 18, 2015 12:01:35 PM jenkins.InitReactorRunner$1 onAttained
INFO: Loaded all jobs
May 18, 2015 12:01:43 PM hudson.model.AsyncPeriodicWork$1 run
INFO: Started Download metadata
May 18, 2015 12:01:44 PM org.jenkinsci.main.modules.sshd.SSHD start
INFO: Started SSHD at port 58379
May 18, 2015 12:01:44 PM jenkins.InitReactorRunner$1 onAttained
INFO: Completed initialization
May 18, 2015 12:01:44 PM hudson.WebAppMain$3 run
INFO: Jenkins is fully up and running
May 18, 2015 12:01:49 PM org.apache.coyote.http11.Http11Protocol pause
INFO: Pausing Coyote HTTP/1.1 on http-8080
May 18, 2015 12:01:50 PM org.apache.catalina.core.StandardService stop
INFO: Stopping service Catalina
May 18, 2015 12:01:51 PM org.apache.catalina.loader.WebappClassLoader clearReferencesThreads
SEVERE: The web application [/jenkins] appears to have started a thread named [Download metadata thread] but has failed to stop it. This is very likely to create a memory leak.
May 18, 2015 12:01:51 PM org.apache.catalina.loader.WebappClassLoader clearReferencesThreads
SEVERE: The web application [/jenkins] appears to have started a thread named [Computer.threadPoolForRemoting [#1]] but has failed to stop it. This is very likely to create a memory leak.
May 18, 2015 12:01:51 PM org.apache.catalina.loader.WebappClassLoader clearReferencesThreads
SEVERE: The web application [/jenkins] appears to have started a thread named [Computer.threadPoolForRemoting [#2]] but has failed to stop it. This is very likely to create a memory leak.
May 18, 2015 12:01:51 PM org.apache.catalina.loader.WebappClassLoader clearReferencesThreads
SEVERE: The web application [/jenkins] appears to have started a thread named [FilePath.localPool [#1]] but has failed to stop it. This is very likely to create a memory leak.
May 18, 2015 12:01:51 PM org.apache.catalina.loader.WebappClassLoader clearReferencesThreads
SEVERE: The web application [/jenkins] appears to have started a thread named [FilePath.localPool [#2]] but has failed to stop it. This is very likely to create a memory leak.
May 18, 2015 12:01:51 PM org.apache.catalina.loader.WebappClassLoader clearReferencesThreads
SEVERE: The web application [/jenkins] appears to have started a thread named [FilePath.localPool [#3]] but has failed to stop it. This is very likely to create a memory leak.
May 18, 2015 12:01:51 PM org.apache.catalina.loader.WebappClassLoader clearReferencesThreads
SEVERE: The web application [/jenkins] appears to have started a thread named [FilePath.localPool [#4]] but has failed to stop it. This is very likely to create a memory leak.
May 18, 2015 12:01:51 PM org.apache.catalina.loader.WebappClassLoader clearReferencesThreads
SEVERE: The web application [/jenkins] appears to have started a thread named [FilePath.localPool [#5]] but has failed to stop it. This is very likely to create a memory leak.
May 18, 2015 12:01:51 PM org.apache.catalina.loader.WebappClassLoader checkThreadLocalMapForLeaks
SEVERE: The web application [/jenkins] created a ThreadLocal with key of type [org.kohsuke.stapler.Stapler$3] (value [org.kohsuke.stapler.Stapler$3@50e0cc50]) and a value of type [java.text.SimpleDateFormat] (value [java.text.SimpleDateFormat@c4dc9900]) but failed to remove it when the web application was stopped. This is very likely to create a memory leak.
May 18, 2015 12:01:51 PM org.apache.catalina.loader.WebappClassLoader checkThreadLocalMapForLeaks
SEVERE: The web application [/jenkins] created a ThreadLocal with key of type [org.kohsuke.stapler.Stapler$3] (value [org.kohsuke.stapler.Stapler$3@50e0cc50]) and a value of type [java.text.SimpleDateFormat] (value [java.text.SimpleDateFormat@c4dc9900]) but failed to remove it when the web application was stopped. This is very likely to create a memory leak.
May 18, 2015 12:01:51 PM org.apache.catalina.loader.WebappClassLoader checkThreadLocalMapForLeaks
SEVERE: The web application [/jenkins] created a ThreadLocal with key of type [org.kohsuke.stapler.Stapler$3] (value [org.kohsuke.stapler.Stapler$3@50e0cc50]) and a value of type [java.text.SimpleDateFormat] (value [java.text.SimpleDateFormat@c4dc9900]) but failed to remove it when the web application was stopped. This is very likely to create a memory leak.
May 18, 2015 12:01:51 PM org.apache.catalina.loader.WebappClassLoader checkThreadLocalMapForLeaks
SEVERE: The web application [/jenkins] created a ThreadLocal with key of type [org.kohsuke.stapler.Stapler$3] (value [org.kohsuke.stapler.Stapler$3@50e0cc50]) and a value of type [java.text.SimpleDateFormat] (value [java.text.SimpleDateFormat@c4dc9900]) but failed to remove it when the web application was stopped. This is very likely to create a memory leak.
May 18, 2015 12:01:51 PM org.apache.catalina.loader.WebappClassLoader checkThreadLocalMapForLeaks
SEVERE: The web application [/jenkins] created a ThreadLocal with key of type [org.kohsuke.stapler.Stapler$3] (value [org.kohsuke.stapler.Stapler$3@50e0cc50]) and a value of type [java.text.SimpleDateFormat] (value [java.text.SimpleDateFormat@c4dc9900]) but failed to remove it when the web application was stopped. This is very likely to create a memory leak.
May 18, 2015 12:01:51 PM org.apache.catalina.loader.WebappClassLoader checkThreadLocalMapForLeaks
SEVERE: The web application [/jenkins] created a ThreadLocal with key of type [com.google.inject.internal.InjectorImpl$1] (value [com.google.inject.internal.InjectorImpl$1@5685c1ab]) and a value of type [java.lang.Object[]] (value [[Ljava.lang.Object;@676deded]) but failed to remove it when the web application was stopped. This is very likely to create a memory leak.
May 18, 2015 12:01:51 PM org.apache.catalina.loader.WebappClassLoader checkThreadLocalMapForLeaks
SEVERE: The web application [/jenkins] created a ThreadLocal with key of type [org.kohsuke.stapler.Stapler$3] (value [org.kohsuke.stapler.Stapler$3@50e0cc50]) and a value of type [java.text.SimpleDateFormat] (value [java.text.SimpleDateFormat@c4dc9900]) but failed to remove it when the web application was stopped. This is very likely to create a memory leak.
May 18, 2015 12:01:51 PM org.apache.catalina.loader.WebappClassLoader checkThreadLocalMapForLeaks
SEVERE: The web application [/jenkins] created a ThreadLocal with key of type [java.lang.ThreadLocal] (value [java.lang.ThreadLocal@39313ff8]) and a value of type [jenkins.security.NonSerializableSecurityContext] (value [jenkins.security.NonSerializableSecurityContext@1f: Authentication: org.acegisecurity.providers.UsernamePasswordAuthenticationToken@1f: Username: SYSTEM; Password: [PROTECTED]; Authenticated: false; Details: null; Not granted any authorities]) but failed to remove it when the web application was stopped. This is very likely to create a memory leak.
May 18, 2015 12:01:51 PM org.apache.catalina.loader.WebappClassLoader checkThreadLocalMapForLeaks
SEVERE: The web application [/jenkins] created a ThreadLocal with key of type [com.google.inject.internal.InjectorImpl$1] (value [com.google.inject.internal.InjectorImpl$1@5685c1ab]) and a value of type [java.lang.Object[]] (value [[Ljava.lang.Object;@505ed01d]) but failed to remove it when the web application was stopped. This is very likely to create a memory leak.
May 18, 2015 12:01:51 PM org.apache.catalina.loader.WebappClassLoader checkThreadLocalMapForLeaks
SEVERE: The web application [/jenkins] created a ThreadLocal with key of type [com.google.inject.internal.InjectorImpl$1] (value [com.google.inject.internal.InjectorImpl$1@5685c1ab]) and a value of type [java.lang.Object[]] (value [[Ljava.lang.Object;@b14924]) but failed to remove it when the web application was stopped. This is very likely to create a memory leak.
May 18, 2015 12:01:51 PM org.apache.catalina.loader.WebappClassLoader checkThreadLocalMapForLeaks
SEVERE: The web application [/jenkins] created a ThreadLocal with key of type [java.lang.ThreadLocal] (value [java.lang.ThreadLocal@39313ff8]) and a value of type [org.acegisecurity.context.SecurityContextImpl] (value [org.acegisecurity.context.SecurityContextImpl@ffffffff: Null authentication]) but failed to remove it when the web application was stopped. This is very likely to create a memory leak.
May 18, 2015 12:01:52 PM org.apache.coyote.http11.Http11Protocol destroy
INFO: Stopping Coyote HTTP/1.1 on http-8080
May 18, 2015 12:03:00 PM org.apache.catalina.core.AprLifecycleListener init
INFO: The APR based Apache Tomcat Native library which allows optimal performance in production environments was not found on the java.library.path: /usr/java/packages/lib/amd64:/usr/lib64:/lib64:/lib:/usr/lib
May 18, 2015 12:03:00 PM org.apache.coyote.http11.Http11Protocol init
INFO: Initializing Coyote HTTP/1.1 on http-8080
May 18, 2015 12:03:00 PM org.apache.catalina.startup.Catalina load
INFO: Initialization processed in 842 ms
May 18, 2015 12:03:00 PM org.apache.catalina.core.StandardService start
INFO: Starting service Catalina
May 18, 2015 12:03:00 PM org.apache.catalina.core.StandardEngine start
INFO: Starting Servlet Engine: Apache Tomcat/6.0.44
May 18, 2015 12:03:00 PM org.apache.catalina.startup.HostConfig deployDescriptor
INFO: Deploying configuration descriptor host-manager.xml
May 18, 2015 12:03:01 PM org.apache.catalina.startup.HostConfig deployDescriptor
INFO: Deploying configuration descriptor manager.xml
May 18, 2015 12:03:01 PM org.apache.catalina.startup.HostConfig deployWAR
INFO: Deploying web application archive jenkins.war
May 18, 2015 12:03:03 PM org.apache.catalina.startup.HostConfig deployDirectory
INFO: Deploying web application directory ROOT
May 18, 2015 12:03:03 PM org.apache.catalina.startup.HostConfig deployDirectory
INFO: Deploying web application directory docs
May 18, 2015 12:03:03 PM org.apache.catalina.startup.HostConfig deployDirectory
INFO: Deploying web application directory examples
May 18, 2015 12:03:03 PM org.apache.coyote.http11.Http11Protocol start
INFO: Starting Coyote HTTP/1.1 on http-8080
May 18, 2015 12:03:04 PM org.apache.jk.common.ChannelSocket init
INFO: JK: ajp13 listening on /0.0.0.0:8009
May 18, 2015 12:03:04 PM org.apache.jk.server.JkMain start
INFO: Jk running ID=0 time=0/82  config=null
May 18, 2015 12:03:04 PM org.apache.catalina.startup.Catalina start
INFO: Server startup in 3542 ms
May 18, 2015 12:03:04 PM jenkins.InitReactorRunner$1 onAttained
INFO: Started initialization
May 18, 2015 12:03:04 PM jenkins.InitReactorRunner$1 onAttained
INFO: Listed all plugins
May 18, 2015 12:03:05 PM jenkins.InitReactorRunner$1 onAttained
INFO: Prepared all plugins
May 18, 2015 12:03:05 PM jenkins.InitReactorRunner$1 onAttained
INFO: Started all plugins
May 18, 2015 12:03:05 PM jenkins.InitReactorRunner$1 onAttained
INFO: Augmented all extensions
May 18, 2015 12:03:05 PM jenkins.InitReactorRunner$1 onAttained
INFO: Loaded all jobs
May 18, 2015 12:03:13 PM hudson.model.AsyncPeriodicWork$1 run
INFO: Started Download metadata
May 18, 2015 12:03:15 PM org.jenkinsci.main.modules.sshd.SSHD start
INFO: Started SSHD at port 42829
May 18, 2015 12:03:15 PM jenkins.InitReactorRunner$1 onAttained
INFO: Completed initialization
May 18, 2015 12:03:15 PM hudson.WebAppMain$3 run
INFO: Jenkins is fully up and running
May 18, 2015 12:03:27 PM hudson.model.UpdateSite updateData
INFO: Obtained the latest update center data file for UpdateSource default
May 18, 2015 12:03:29 PM hudson.model.DownloadService$Downloadable load
INFO: Obtained the updated data file for hudson.tasks.Maven.MavenInstaller
May 18, 2015 12:03:30 PM hudson.model.DownloadService$Downloadable load
INFO: Obtained the updated data file for hudson.tasks.Ant.AntInstaller
May 18, 2015 12:03:40 PM hudson.model.DownloadService$Downloadable load
INFO: Obtained the updated data file for hudson.tools.JDKInstaller
May 18, 2015 12:03:40 PM hudson.model.AsyncPeriodicWork$1 run
INFO: Finished Download metadata. 26,258 ms
May 18, 2015 12:04:13 PM org.apache.coyote.http11.Http11Protocol pause
INFO: Pausing Coyote HTTP/1.1 on http-8080
May 18, 2015 12:04:14 PM org.apache.catalina.core.StandardService stop
INFO: Stopping service Catalina
May 18, 2015 12:04:15 PM org.apache.catalina.loader.WebappClassLoader clearReferencesThreads
SEVERE: The web application [/jenkins] appears to have started a thread named [FilePath.localPool [#1]] but has failed to stop it. This is very likely to create a memory leak.
May 18, 2015 12:04:15 PM org.apache.catalina.loader.WebappClassLoader clearReferencesThreads
SEVERE: The web application [/jenkins] appears to have started a thread named [FilePath.localPool [#2]] but has failed to stop it. This is very likely to create a memory leak.
May 18, 2015 12:04:15 PM org.apache.catalina.loader.WebappClassLoader clearReferencesThreads
SEVERE: The web application [/jenkins] appears to have started a thread named [FilePath.localPool [#3]] but has failed to stop it. This is very likely to create a memory leak.
May 18, 2015 12:04:15 PM org.apache.catalina.loader.WebappClassLoader checkThreadLocalMapForLeaks
SEVERE: The web application [/jenkins] created a ThreadLocal with key of type [org.kohsuke.stapler.Stapler$3] (value [org.kohsuke.stapler.Stapler$3@2a1e5e0f]) and a value of type [java.text.SimpleDateFormat] (value [java.text.SimpleDateFormat@c4dc9900]) but failed to remove it when the web application was stopped. This is very likely to create a memory leak.
May 18, 2015 12:04:15 PM org.apache.catalina.loader.WebappClassLoader checkThreadLocalMapForLeaks
SEVERE: The web application [/jenkins] created a ThreadLocal with key of type [com.google.inject.internal.InjectorImpl$1] (value [com.google.inject.internal.InjectorImpl$1@2fb14063]) and a value of type [java.lang.Object[]] (value [[Ljava.lang.Object;@1dfa3c0b]) but failed to remove it when the web application was stopped. This is very likely to create a memory leak.
May 18, 2015 12:04:15 PM org.apache.catalina.loader.WebappClassLoader checkThreadLocalMapForLeaks
SEVERE: The web application [/jenkins] created a ThreadLocal with key of type [java.lang.ThreadLocal] (value [java.lang.ThreadLocal@177c058d]) and a value of type [org.acegisecurity.context.SecurityContextImpl] (value [org.acegisecurity.context.SecurityContextImpl@ffffffff: Null authentication]) but failed to remove it when the web application was stopped. This is very likely to create a memory leak.
May 18, 2015 12:04:15 PM org.apache.catalina.loader.WebappClassLoader checkThreadLocalMapForLeaks
SEVERE: The web application [/jenkins] created a ThreadLocal with key of type [org.kohsuke.stapler.Stapler$3] (value [org.kohsuke.stapler.Stapler$3@2a1e5e0f]) and a value of type [java.text.SimpleDateFormat] (value [java.text.SimpleDateFormat@c4dc9900]) but failed to remove it when the web application was stopped. This is very likely to create a memory leak.
May 18, 2015 12:04:15 PM org.apache.catalina.loader.WebappClassLoader checkThreadLocalMapForLeaks
SEVERE: The web application [/jenkins] created a ThreadLocal with key of type [java.lang.ThreadLocal] (value [java.lang.ThreadLocal@177c058d]) and a value of type [org.acegisecurity.context.SecurityContextImpl] (value [org.acegisecurity.context.SecurityContextImpl@ffffffff: Null authentication]) but failed to remove it when the web application was stopped. This is very likely to create a memory leak.
May 18, 2015 12:04:15 PM org.apache.catalina.loader.WebappClassLoader checkThreadLocalMapForLeaks
SEVERE: The web application [/jenkins] created a ThreadLocal with key of type [org.kohsuke.stapler.Stapler$3] (value [org.kohsuke.stapler.Stapler$3@2a1e5e0f]) and a value of type [java.text.SimpleDateFormat] (value [java.text.SimpleDateFormat@c4dc9900]) but failed to remove it when the web application was stopped. This is very likely to create a memory leak.
May 18, 2015 12:04:15 PM org.apache.catalina.loader.WebappClassLoader checkThreadLocalMapForLeaks
SEVERE: The web application [/jenkins] created a ThreadLocal with key of type [java.lang.ThreadLocal] (value [java.lang.ThreadLocal@177c058d]) and a value of type [org.acegisecurity.context.SecurityContextImpl] (value [org.acegisecurity.context.SecurityContextImpl@ffffffff: Null authentication]) but failed to remove it when the web application was stopped. This is very likely to create a memory leak.
May 18, 2015 12:04:15 PM org.apache.catalina.loader.WebappClassLoader checkThreadLocalMapForLeaks
SEVERE: The web application [/jenkins] created a ThreadLocal with key of type [org.kohsuke.stapler.Stapler$3] (value [org.kohsuke.stapler.Stapler$3@2a1e5e0f]) and a value of type [java.text.SimpleDateFormat] (value [java.text.SimpleDateFormat@c4dc9900]) but failed to remove it when the web application was stopped. This is very likely to create a memory leak.
May 18, 2015 12:04:15 PM org.apache.catalina.loader.WebappClassLoader checkThreadLocalMapForLeaks
SEVERE: The web application [/jenkins] created a ThreadLocal with key of type [java.lang.ThreadLocal] (value [java.lang.ThreadLocal@177c058d]) and a value of type [org.acegisecurity.context.SecurityContextImpl] (value [org.acegisecurity.context.SecurityContextImpl@ffffffff: Null authentication]) but failed to remove it when the web application was stopped. This is very likely to create a memory leak.
May 18, 2015 12:04:15 PM org.apache.catalina.loader.WebappClassLoader checkThreadLocalMapForLeaks
SEVERE: The web application [/jenkins] created a ThreadLocal with key of type [org.kohsuke.stapler.Stapler$3] (value [org.kohsuke.stapler.Stapler$3@2a1e5e0f]) and a value of type [java.text.SimpleDateFormat] (value [java.text.SimpleDateFormat@c4dc9900]) but failed to remove it when the web application was stopped. This is very likely to create a memory leak.
May 18, 2015 12:04:15 PM org.apache.catalina.loader.WebappClassLoader checkThreadLocalMapForLeaks
SEVERE: The web application [/jenkins] created a ThreadLocal with key of type [com.google.inject.internal.InjectorImpl$1] (value [com.google.inject.internal.InjectorImpl$1@2fb14063]) and a value of type [java.lang.Object[]] (value [[Ljava.lang.Object;@1411ef41]) but failed to remove it when the web application was stopped. This is very likely to create a memory leak.
May 18, 2015 12:04:15 PM org.apache.catalina.loader.WebappClassLoader checkThreadLocalMapForLeaks
SEVERE: The web application [/jenkins] created a ThreadLocal with key of type [java.lang.ThreadLocal] (value [java.lang.ThreadLocal@177c058d]) and a value of type [org.acegisecurity.context.SecurityContextImpl] (value [org.acegisecurity.context.SecurityContextImpl@ffffffff: Null authentication]) but failed to remove it when the web application was stopped. This is very likely to create a memory leak.
May 18, 2015 12:04:15 PM org.apache.catalina.loader.WebappClassLoader checkThreadLocalMapForLeaks
SEVERE: The web application [/jenkins] created a ThreadLocal with key of type [org.kohsuke.stapler.Stapler$3] (value [org.kohsuke.stapler.Stapler$3@2a1e5e0f]) and a value of type [java.text.SimpleDateFormat] (value [java.text.SimpleDateFormat@c4dc9900]) but failed to remove it when the web application was stopped. This is very likely to create a memory leak.
May 18, 2015 12:04:15 PM org.apache.catalina.loader.WebappClassLoader checkThreadLocalMapForLeaks
SEVERE: The web application [/jenkins] created a ThreadLocal with key of type [com.google.inject.internal.InjectorImpl$1] (value [com.google.inject.internal.InjectorImpl$1@2fb14063]) and a value of type [java.lang.Object[]] (value [[Ljava.lang.Object;@25729eb2]) but failed to remove it when the web application was stopped. This is very likely to create a memory leak.
May 18, 2015 12:04:15 PM org.apache.catalina.loader.WebappClassLoader checkThreadLocalMapForLeaks
SEVERE: The web application [/jenkins] created a ThreadLocal with key of type [java.lang.ThreadLocal] (value [java.lang.ThreadLocal@177c058d]) and a value of type [org.acegisecurity.context.SecurityContextImpl] (value [org.acegisecurity.context.SecurityContextImpl@ffffffff: Null authentication]) but failed to remove it when the web application was stopped. This is very likely to create a memory leak.
May 18, 2015 12:04:15 PM org.apache.catalina.loader.WebappClassLoader checkThreadLocalMapForLeaks
SEVERE: The web application [/jenkins] created a ThreadLocal with key of type [java.lang.ThreadLocal] (value [java.lang.ThreadLocal@177c058d]) and a value of type [org.acegisecurity.context.SecurityContextImpl] (value [org.acegisecurity.context.SecurityContextImpl@ffffffff: Null authentication]) but failed to remove it when the web application was stopped. This is very likely to create a memory leak.
May 18, 2015 12:04:16 PM org.apache.coyote.http11.Http11Protocol destroy
INFO: Stopping Coyote HTTP/1.1 on http-8080
May 18, 2015 12:05:29 PM org.apache.catalina.core.AprLifecycleListener init
INFO: The APR based Apache Tomcat Native library which allows optimal performance in production environments was not found on the java.library.path: /usr/java/packages/lib/amd64:/usr/lib64:/lib64:/lib:/usr/lib
May 18, 2015 12:05:29 PM org.apache.coyote.http11.Http11Protocol init
INFO: Initializing Coyote HTTP/1.1 on http-8080
May 18, 2015 12:05:29 PM org.apache.catalina.startup.Catalina load
INFO: Initialization processed in 844 ms
May 18, 2015 12:05:29 PM org.apache.catalina.core.StandardService start
INFO: Starting service Catalina
May 18, 2015 12:05:29 PM org.apache.catalina.core.StandardEngine start
INFO: Starting Servlet Engine: Apache Tomcat/6.0.44
May 18, 2015 12:05:29 PM org.apache.catalina.startup.HostConfig deployDescriptor
INFO: Deploying configuration descriptor host-manager.xml
May 18, 2015 12:05:30 PM org.apache.catalina.startup.HostConfig deployDescriptor
INFO: Deploying configuration descriptor manager.xml
May 18, 2015 12:05:30 PM org.apache.catalina.startup.HostConfig deployWAR
INFO: Deploying web application archive jenkins.war
May 18, 2015 12:05:31 PM org.apache.catalina.startup.HostConfig deployDirectory
INFO: Deploying web application directory ROOT
May 18, 2015 12:05:32 PM org.apache.catalina.startup.HostConfig deployDirectory
INFO: Deploying web application directory docs
May 18, 2015 12:05:32 PM org.apache.catalina.startup.HostConfig deployDirectory
INFO: Deploying web application directory examples
May 18, 2015 12:05:32 PM org.apache.coyote.http11.Http11Protocol start
INFO: Starting Coyote HTTP/1.1 on http-8080
May 18, 2015 12:05:32 PM org.apache.jk.common.ChannelSocket init
INFO: JK: ajp13 listening on /0.0.0.0:8009
May 18, 2015 12:05:32 PM org.apache.jk.server.JkMain start
INFO: Jk running ID=0 time=0/74  config=null
May 18, 2015 12:05:32 PM org.apache.catalina.startup.Catalina start
INFO: Server startup in 3345 ms
May 18, 2015 12:05:33 PM jenkins.InitReactorRunner$1 onAttained
INFO: Started initialization
May 18, 2015 12:05:50 PM jenkins.InitReactorRunner$1 onAttained
INFO: Listed all plugins
May 18, 2015 12:05:50 PM jenkins.InitReactorRunner$1 onAttained
INFO: Prepared all plugins
May 18, 2015 12:05:50 PM jenkins.InitReactorRunner$1 onAttained
INFO: Started all plugins
May 18, 2015 12:05:50 PM jenkins.InitReactorRunner$1 onAttained
INFO: Augmented all extensions
May 18, 2015 12:05:50 PM jenkins.InitReactorRunner$1 onAttained
INFO: Loaded all jobs
May 18, 2015 12:05:58 PM hudson.model.AsyncPeriodicWork$1 run
INFO: Started Download metadata
May 18, 2015 12:05:59 PM org.jenkinsci.main.modules.sshd.SSHD start
INFO: Started SSHD at port 37780
May 18, 2015 12:05:59 PM jenkins.InitReactorRunner$1 onAttained
INFO: Completed initialization
May 18, 2015 12:05:59 PM hudson.WebAppMain$3 run
INFO: Jenkins is fully up and running
May 18, 2015 12:06:16 PM hudson.model.UpdateSite updateData
INFO: Obtained the latest update center data file for UpdateSource default
May 18, 2015 12:06:18 PM hudson.model.DownloadService$Downloadable load
INFO: Obtained the updated data file for hudson.tasks.Maven.MavenInstaller
May 18, 2015 12:06:20 PM hudson.model.DownloadService$Downloadable load
INFO: Obtained the updated data file for hudson.tasks.Ant.AntInstaller
May 18, 2015 12:06:29 PM hudson.model.DownloadService$Downloadable load
INFO: Obtained the updated data file for hudson.tools.JDKInstaller
May 18, 2015 12:06:29 PM hudson.model.AsyncPeriodicWork$1 run
INFO: Finished Download metadata. 30,941 ms
May 18, 2015 12:08:29 PM org.kohsuke.stapler.RequestImpl$TypePair convertJSON
WARNING: 'stapler-class' is deprecated: hudson.tasks.Shell
May 18, 2015 12:08:31 PM hudson.model.Run execute
INFO: startup #1 main build action completed: SUCCESS
May 18, 2015 12:09:11 PM org.kohsuke.stapler.RequestImpl$TypePair convertJSON
WARNING: 'stapler-class' is deprecated: hudson.tasks.Shell
May 18, 2015 12:09:13 PM hudson.model.Run execute
INFO: startup #2 main build action completed: SUCCESS
May 18, 2015 12:21:58 PM org.apache.coyote.http11.Http11Protocol pause
INFO: Pausing Coyote HTTP/1.1 on http-8080
May 18, 2015 12:21:59 PM org.apache.catalina.core.StandardService stop
INFO: Stopping service Catalina
May 18, 2015 12:22:00 PM org.apache.catalina.loader.WebappClassLoader checkThreadLocalMapForLeaks
SEVERE: The web application [/jenkins] created a ThreadLocal with key of type [org.kohsuke.stapler.Stapler$3] (value [org.kohsuke.stapler.Stapler$3@52bc229f]) and a value of type [java.text.SimpleDateFormat] (value [java.text.SimpleDateFormat@c4dc9900]) but failed to remove it when the web application was stopped. This is very likely to create a memory leak.
May 18, 2015 12:22:00 PM org.apache.catalina.loader.WebappClassLoader checkThreadLocalMapForLeaks
SEVERE: The web application [/jenkins] created a ThreadLocal with key of type [java.lang.ThreadLocal] (value [java.lang.ThreadLocal@3d851f28]) and a value of type [org.acegisecurity.context.SecurityContextImpl] (value [org.acegisecurity.context.SecurityContextImpl@ffffffff: Null authentication]) but failed to remove it when the web application was stopped. This is very likely to create a memory leak.
May 18, 2015 12:22:00 PM org.apache.catalina.loader.WebappClassLoader checkThreadLocalMapForLeaks
SEVERE: The web application [/jenkins] created a ThreadLocal with key of type [com.google.inject.internal.InjectorImpl$1] (value [com.google.inject.internal.InjectorImpl$1@6ec09aa5]) and a value of type [java.lang.Object[]] (value [[Ljava.lang.Object;@26e8ff71]) but failed to remove it when the web application was stopped. This is very likely to create a memory leak.
May 18, 2015 12:22:00 PM org.apache.catalina.loader.WebappClassLoader checkThreadLocalMapForLeaks
SEVERE: The web application [/jenkins] created a ThreadLocal with key of type [org.kohsuke.stapler.Stapler$3] (value [org.kohsuke.stapler.Stapler$3@52bc229f]) and a value of type [java.text.SimpleDateFormat] (value [java.text.SimpleDateFormat@c4dc9900]) but failed to remove it when the web application was stopped. This is very likely to create a memory leak.
May 18, 2015 12:22:00 PM org.apache.catalina.loader.WebappClassLoader checkThreadLocalMapForLeaks
SEVERE: The web application [/jenkins] created a ThreadLocal with key of type [java.lang.ThreadLocal] (value [java.lang.ThreadLocal@3d851f28]) and a value of type [org.acegisecurity.context.SecurityContextImpl] (value [org.acegisecurity.context.SecurityContextImpl@ffffffff: Null authentication]) but failed to remove it when the web application was stopped. This is very likely to create a memory leak.
May 18, 2015 12:22:00 PM org.apache.catalina.loader.WebappClassLoader checkThreadLocalMapForLeaks
SEVERE: The web application [/jenkins] created a ThreadLocal with key of type [com.google.inject.internal.InjectorImpl$1] (value [com.google.inject.internal.InjectorImpl$1@6ec09aa5]) and a value of type [java.lang.Object[]] (value [[Ljava.lang.Object;@5ca796a0]) but failed to remove it when the web application was stopped. This is very likely to create a memory leak.
May 18, 2015 12:22:00 PM org.apache.catalina.loader.WebappClassLoader checkThreadLocalMapForLeaks
SEVERE: The web application [/jenkins] created a ThreadLocal with key of type [org.kohsuke.stapler.Stapler$3] (value [org.kohsuke.stapler.Stapler$3@52bc229f]) and a value of type [java.text.SimpleDateFormat] (value [java.text.SimpleDateFormat@c4dc9900]) but failed to remove it when the web application was stopped. This is very likely to create a memory leak.
May 18, 2015 12:22:00 PM org.apache.catalina.loader.WebappClassLoader checkThreadLocalMapForLeaks
SEVERE: The web application [/jenkins] created a ThreadLocal with key of type [java.lang.ThreadLocal] (value [java.lang.ThreadLocal@3d851f28]) and a value of type [org.acegisecurity.context.SecurityContextImpl] (value [org.acegisecurity.context.SecurityContextImpl@ffffffff: Null authentication]) but failed to remove it when the web application was stopped. This is very likely to create a memory leak.
May 18, 2015 12:22:00 PM org.apache.catalina.loader.WebappClassLoader checkThreadLocalMapForLeaks
SEVERE: The web application [/jenkins] created a ThreadLocal with key of type [com.google.inject.internal.InjectorImpl$1] (value [com.google.inject.internal.InjectorImpl$1@6ec09aa5]) and a value of type [java.lang.Object[]] (value [[Ljava.lang.Object;@7e9211e5]) but failed to remove it when the web application was stopped. This is very likely to create a memory leak.
May 18, 2015 12:22:00 PM org.apache.catalina.loader.WebappClassLoader checkThreadLocalMapForLeaks
SEVERE: The web application [/jenkins] created a ThreadLocal with key of type [org.kohsuke.stapler.Stapler$3] (value [org.kohsuke.stapler.Stapler$3@52bc229f]) and a value of type [java.text.SimpleDateFormat] (value [java.text.SimpleDateFormat@c4dc9900]) but failed to remove it when the web application was stopped. This is very likely to create a memory leak.
May 18, 2015 12:22:00 PM org.apache.catalina.loader.WebappClassLoader checkThreadLocalMapForLeaks
SEVERE: The web application [/jenkins] created a ThreadLocal with key of type [java.lang.ThreadLocal] (value [java.lang.ThreadLocal@3d851f28]) and a value of type [org.acegisecurity.context.SecurityContextImpl] (value [org.acegisecurity.context.SecurityContextImpl@ffffffff: Null authentication]) but failed to remove it when the web application was stopped. This is very likely to create a memory leak.
May 18, 2015 12:22:00 PM org.apache.catalina.loader.WebappClassLoader checkThreadLocalMapForLeaks
SEVERE: The web application [/jenkins] created a ThreadLocal with key of type [com.google.inject.internal.InjectorImpl$1] (value [com.google.inject.internal.InjectorImpl$1@6ec09aa5]) and a value of type [java.lang.Object[]] (value [[Ljava.lang.Object;@27d5124e]) but failed to remove it when the web application was stopped. This is very likely to create a memory leak.
May 18, 2015 12:22:00 PM org.apache.catalina.loader.WebappClassLoader checkThreadLocalMapForLeaks
SEVERE: The web application [/jenkins] created a ThreadLocal with key of type [org.kohsuke.stapler.Stapler$3] (value [org.kohsuke.stapler.Stapler$3@52bc229f]) and a value of type [java.text.SimpleDateFormat] (value [java.text.SimpleDateFormat@c4dc9900]) but failed to remove it when the web application was stopped. This is very likely to create a memory leak.
May 18, 2015 12:22:00 PM org.apache.catalina.loader.WebappClassLoader checkThreadLocalMapForLeaks
SEVERE: The web application [/jenkins] created a ThreadLocal with key of type [java.lang.ThreadLocal] (value [java.lang.ThreadLocal@3d851f28]) and a value of type [org.acegisecurity.context.SecurityContextImpl] (value [org.acegisecurity.context.SecurityContextImpl@ffffffff: Null authentication]) but failed to remove it when the web application was stopped. This is very likely to create a memory leak.
May 18, 2015 12:22:00 PM org.apache.catalina.loader.WebappClassLoader checkThreadLocalMapForLeaks
SEVERE: The web application [/jenkins] created a ThreadLocal with key of type [org.kohsuke.stapler.Stapler$3] (value [org.kohsuke.stapler.Stapler$3@52bc229f]) and a value of type [java.text.SimpleDateFormat] (value [java.text.SimpleDateFormat@c4dc9900]) but failed to remove it when the web application was stopped. This is very likely to create a memory leak.
May 18, 2015 12:22:00 PM org.apache.catalina.loader.WebappClassLoader checkThreadLocalMapForLeaks
SEVERE: The web application [/jenkins] created a ThreadLocal with key of type [java.lang.ThreadLocal] (value [java.lang.ThreadLocal@3d851f28]) and a value of type [org.acegisecurity.context.SecurityContextImpl] (value [org.acegisecurity.context.SecurityContextImpl@ffffffff: Null authentication]) but failed to remove it when the web application was stopped. This is very likely to create a memory leak.
May 18, 2015 12:22:00 PM org.apache.catalina.loader.WebappClassLoader checkThreadLocalMapForLeaks
SEVERE: The web application [/jenkins] created a ThreadLocal with key of type [com.google.inject.internal.InjectorImpl$1] (value [com.google.inject.internal.InjectorImpl$1@6ec09aa5]) and a value of type [java.lang.Object[]] (value [[Ljava.lang.Object;@15a4d350]) but failed to remove it when the web application was stopped. This is very likely to create a memory leak.
May 18, 2015 12:22:00 PM org.apache.catalina.loader.WebappClassLoader checkThreadLocalMapForLeaks
SEVERE: The web application [/jenkins] created a ThreadLocal with key of type [org.kohsuke.stapler.Stapler$3] (value [org.kohsuke.stapler.Stapler$3@52bc229f]) and a value of type [java.text.SimpleDateFormat] (value [java.text.SimpleDateFormat@c4dc9900]) but failed to remove it when the web application was stopped. This is very likely to create a memory leak.
May 18, 2015 12:22:00 PM org.apache.catalina.loader.WebappClassLoader checkThreadLocalMapForLeaks
SEVERE: The web application [/jenkins] created a ThreadLocal with key of type [java.lang.ThreadLocal] (value [java.lang.ThreadLocal@3d851f28]) and a value of type [org.acegisecurity.context.SecurityContextImpl] (value [org.acegisecurity.context.SecurityContextImpl@ffffffff: Null authentication]) but failed to remove it when the web application was stopped. This is very likely to create a memory leak.
May 18, 2015 12:22:00 PM org.apache.catalina.loader.WebappClassLoader checkThreadLocalMapForLeaks
SEVERE: The web application [/jenkins] created a ThreadLocal with key of type [com.google.inject.internal.InjectorImpl$1] (value [com.google.inject.internal.InjectorImpl$1@6ec09aa5]) and a value of type [java.lang.Object[]] (value [[Ljava.lang.Object;@782d3449]) but failed to remove it when the web application was stopped. This is very likely to create a memory leak.
May 18, 2015 12:22:00 PM org.apache.catalina.loader.WebappClassLoader checkThreadLocalMapForLeaks
SEVERE: The web application [/jenkins] created a ThreadLocal with key of type [java.lang.ThreadLocal] (value [java.lang.ThreadLocal@3d851f28]) and a value of type [org.acegisecurity.context.SecurityContextImpl] (value [org.acegisecurity.context.SecurityContextImpl@ffffffff: Null authentication]) but failed to remove it when the web application was stopped. This is very likely to create a memory leak.
May 18, 2015 12:22:01 PM org.apache.coyote.http11.Http11Protocol destroy
INFO: Stopping Coyote HTTP/1.1 on http-8080
May 18, 2015 1:01:31 PM org.apache.catalina.core.AprLifecycleListener init
INFO: The APR based Apache Tomcat Native library which allows optimal performance in production environments was not found on the java.library.path: /usr/java/packages/lib/amd64:/usr/lib64:/lib64:/lib:/usr/lib
May 18, 2015 1:01:32 PM org.apache.coyote.http11.Http11Protocol init
INFO: Initializing Coyote HTTP/1.1 on http-8080
May 18, 2015 1:01:32 PM org.apache.catalina.startup.Catalina load
INFO: Initialization processed in 987 ms
May 18, 2015 1:01:32 PM org.apache.catalina.core.StandardService start
INFO: Starting service Catalina
May 18, 2015 1:01:32 PM org.apache.catalina.core.StandardEngine start
INFO: Starting Servlet Engine: Apache Tomcat/6.0.44
May 18, 2015 1:01:32 PM org.apache.catalina.startup.HostConfig deployDescriptor
INFO: Deploying configuration descriptor host-manager.xml
May 18, 2015 1:01:32 PM org.apache.catalina.startup.HostConfig deployDescriptor
INFO: Deploying configuration descriptor manager.xml
May 18, 2015 1:01:32 PM org.apache.catalina.startup.HostConfig deployWAR
INFO: Deploying web application archive jenkins.war
May 18, 2015 1:01:34 PM org.apache.catalina.startup.HostConfig deployDirectory
INFO: Deploying web application directory ROOT
May 18, 2015 1:01:34 PM org.apache.catalina.startup.HostConfig deployDirectory
INFO: Deploying web application directory docs
May 18, 2015 1:01:34 PM org.apache.catalina.startup.HostConfig deployDirectory
INFO: Deploying web application directory examples
May 18, 2015 1:01:35 PM org.apache.coyote.http11.Http11Protocol start
INFO: Starting Coyote HTTP/1.1 on http-8080
May 18, 2015 1:01:35 PM org.apache.jk.common.ChannelSocket init
INFO: JK: ajp13 listening on /0.0.0.0:8009
May 18, 2015 1:01:35 PM org.apache.jk.server.JkMain start
INFO: Jk running ID=0 time=0/113  config=null
May 18, 2015 1:01:35 PM org.apache.catalina.startup.Catalina start
INFO: Server startup in 3508 ms
May 18, 2015 1:01:36 PM jenkins.InitReactorRunner$1 onAttained
INFO: Started initialization
May 18, 2015 1:01:36 PM jenkins.InitReactorRunner$1 onAttained
INFO: Listed all plugins
May 18, 2015 1:01:36 PM jenkins.InitReactorRunner$1 onAttained
INFO: Prepared all plugins
May 18, 2015 1:01:36 PM jenkins.InitReactorRunner$1 onAttained
INFO: Started all plugins
May 18, 2015 1:01:36 PM jenkins.InitReactorRunner$1 onAttained
INFO: Augmented all extensions
May 18, 2015 1:01:44 PM jenkins.InitReactorRunner$1 onAttained
INFO: Loaded all jobs
May 18, 2015 1:01:44 PM hudson.model.AsyncPeriodicWork$1 run
INFO: Started Download metadata
May 18, 2015 1:01:44 PM hudson.model.AsyncPeriodicWork$1 run
INFO: Finished Download metadata. 11 ms
May 18, 2015 1:01:46 PM org.jenkinsci.main.modules.sshd.SSHD start
INFO: Started SSHD at port 33822
May 18, 2015 1:01:46 PM jenkins.InitReactorRunner$1 onAttained
INFO: Completed initialization
May 18, 2015 1:01:46 PM hudson.WebAppMain$3 run
INFO: Jenkins is fully up and running
May 18, 2015 1:12:33 PM org.apache.coyote.http11.Http11Protocol pause
INFO: Pausing Coyote HTTP/1.1 on http-8080
May 18, 2015 1:12:34 PM org.apache.catalina.core.StandardService stop
INFO: Stopping service Catalina
May 18, 2015 1:12:35 PM org.apache.catalina.loader.WebappClassLoader checkThreadLocalMapForLeaks
SEVERE: The web application [/jenkins] created a ThreadLocal with key of type [org.kohsuke.stapler.Stapler$3] (value [org.kohsuke.stapler.Stapler$3@20d4669f]) and a value of type [java.text.SimpleDateFormat] (value [java.text.SimpleDateFormat@c4dc9900]) but failed to remove it when the web application was stopped. This is very likely to create a memory leak.
May 18, 2015 1:12:35 PM org.apache.catalina.loader.WebappClassLoader checkThreadLocalMapForLeaks
SEVERE: The web application [/jenkins] created a ThreadLocal with key of type [java.lang.ThreadLocal] (value [java.lang.ThreadLocal@589d618f]) and a value of type [org.acegisecurity.context.SecurityContextImpl] (value [org.acegisecurity.context.SecurityContextImpl@ffffffff: Null authentication]) but failed to remove it when the web application was stopped. This is very likely to create a memory leak.
May 18, 2015 1:12:35 PM org.apache.catalina.loader.WebappClassLoader checkThreadLocalMapForLeaks
SEVERE: The web application [/jenkins] created a ThreadLocal with key of type [com.google.inject.internal.InjectorImpl$1] (value [com.google.inject.internal.InjectorImpl$1@447020bc]) and a value of type [java.lang.Object[]] (value [[Ljava.lang.Object;@1d7539be]) but failed to remove it when the web application was stopped. This is very likely to create a memory leak.
May 18, 2015 1:12:35 PM org.apache.catalina.loader.WebappClassLoader checkThreadLocalMapForLeaks
SEVERE: The web application [/jenkins] created a ThreadLocal with key of type [org.kohsuke.stapler.Stapler$3] (value [org.kohsuke.stapler.Stapler$3@20d4669f]) and a value of type [java.text.SimpleDateFormat] (value [java.text.SimpleDateFormat@c4dc9900]) but failed to remove it when the web application was stopped. This is very likely to create a memory leak.
May 18, 2015 1:12:35 PM org.apache.catalina.loader.WebappClassLoader checkThreadLocalMapForLeaks
SEVERE: The web application [/jenkins] created a ThreadLocal with key of type [java.lang.ThreadLocal] (value [java.lang.ThreadLocal@589d618f]) and a value of type [org.acegisecurity.context.SecurityContextImpl] (value [org.acegisecurity.context.SecurityContextImpl@ffffffff: Null authentication]) but failed to remove it when the web application was stopped. This is very likely to create a memory leak.
May 18, 2015 1:12:35 PM org.apache.catalina.loader.WebappClassLoader checkThreadLocalMapForLeaks
SEVERE: The web application [/jenkins] created a ThreadLocal with key of type [com.google.inject.internal.InjectorImpl$1] (value [com.google.inject.internal.InjectorImpl$1@447020bc]) and a value of type [java.lang.Object[]] (value [[Ljava.lang.Object;@684c7155]) but failed to remove it when the web application was stopped. This is very likely to create a memory leak.
May 18, 2015 1:12:35 PM org.apache.catalina.loader.WebappClassLoader checkThreadLocalMapForLeaks
SEVERE: The web application [/jenkins] created a ThreadLocal with key of type [org.kohsuke.stapler.Stapler$3] (value [org.kohsuke.stapler.Stapler$3@20d4669f]) and a value of type [java.text.SimpleDateFormat] (value [java.text.SimpleDateFormat@c4dc9900]) but failed to remove it when the web application was stopped. This is very likely to create a memory leak.
May 18, 2015 1:12:35 PM org.apache.catalina.loader.WebappClassLoader checkThreadLocalMapForLeaks
SEVERE: The web application [/jenkins] created a ThreadLocal with key of type [java.lang.ThreadLocal] (value [java.lang.ThreadLocal@589d618f]) and a value of type [org.acegisecurity.context.SecurityContextImpl] (value [org.acegisecurity.context.SecurityContextImpl@ffffffff: Null authentication]) but failed to remove it when the web application was stopped. This is very likely to create a memory leak.
May 18, 2015 1:12:35 PM org.apache.catalina.loader.WebappClassLoader checkThreadLocalMapForLeaks
SEVERE: The web application [/jenkins] created a ThreadLocal with key of type [com.google.inject.internal.InjectorImpl$1] (value [com.google.inject.internal.InjectorImpl$1@447020bc]) and a value of type [java.lang.Object[]] (value [[Ljava.lang.Object;@72a4b8f1]) but failed to remove it when the web application was stopped. This is very likely to create a memory leak.
May 18, 2015 1:12:35 PM org.apache.catalina.loader.WebappClassLoader checkThreadLocalMapForLeaks
SEVERE: The web application [/jenkins] created a ThreadLocal with key of type [org.kohsuke.stapler.Stapler$3] (value [org.kohsuke.stapler.Stapler$3@20d4669f]) and a value of type [java.text.SimpleDateFormat] (value [java.text.SimpleDateFormat@c4dc9900]) but failed to remove it when the web application was stopped. This is very likely to create a memory leak.
May 18, 2015 1:12:35 PM org.apache.catalina.loader.WebappClassLoader checkThreadLocalMapForLeaks
SEVERE: The web application [/jenkins] created a ThreadLocal with key of type [java.lang.ThreadLocal] (value [java.lang.ThreadLocal@589d618f]) and a value of type [org.acegisecurity.context.SecurityContextImpl] (value [org.acegisecurity.context.SecurityContextImpl@ffffffff: Null authentication]) but failed to remove it when the web application was stopped. This is very likely to create a memory leak.
May 18, 2015 1:12:35 PM org.apache.catalina.loader.WebappClassLoader checkThreadLocalMapForLeaks
SEVERE: The web application [/jenkins] created a ThreadLocal with key of type [org.kohsuke.stapler.Stapler$3] (value [org.kohsuke.stapler.Stapler$3@20d4669f]) and a value of type [java.text.SimpleDateFormat] (value [java.text.SimpleDateFormat@c4dc9900]) but failed to remove it when the web application was stopped. This is very likely to create a memory leak.
May 18, 2015 1:12:36 PM org.apache.catalina.loader.WebappClassLoader checkThreadLocalMapForLeaks
SEVERE: The web application [/jenkins] created a ThreadLocal with key of type [java.lang.ThreadLocal] (value [java.lang.ThreadLocal@589d618f]) and a value of type [org.acegisecurity.context.SecurityContextImpl] (value [org.acegisecurity.context.SecurityContextImpl@ffffffff: Null authentication]) but failed to remove it when the web application was stopped. This is very likely to create a memory leak.
May 18, 2015 1:12:36 PM org.apache.catalina.loader.WebappClassLoader checkThreadLocalMapForLeaks
SEVERE: The web application [/jenkins] created a ThreadLocal with key of type [org.kohsuke.stapler.Stapler$3] (value [org.kohsuke.stapler.Stapler$3@20d4669f]) and a value of type [java.text.SimpleDateFormat] (value [java.text.SimpleDateFormat@c4dc9900]) but failed to remove it when the web application was stopped. This is very likely to create a memory leak.
May 18, 2015 1:12:36 PM org.apache.catalina.loader.WebappClassLoader checkThreadLocalMapForLeaks
SEVERE: The web application [/jenkins] created a ThreadLocal with key of type [java.lang.ThreadLocal] (value [java.lang.ThreadLocal@589d618f]) and a value of type [org.acegisecurity.context.SecurityContextImpl] (value [org.acegisecurity.context.SecurityContextImpl@ffffffff: Null authentication]) but failed to remove it when the web application was stopped. This is very likely to create a memory leak.
May 18, 2015 1:12:36 PM org.apache.catalina.loader.WebappClassLoader checkThreadLocalMapForLeaks
SEVERE: The web application [/jenkins] created a ThreadLocal with key of type [com.google.inject.internal.InjectorImpl$1] (value [com.google.inject.internal.InjectorImpl$1@447020bc]) and a value of type [java.lang.Object[]] (value [[Ljava.lang.Object;@1c6a1104]) but failed to remove it when the web application was stopped. This is very likely to create a memory leak.
May 18, 2015 1:12:36 PM org.apache.catalina.loader.WebappClassLoader checkThreadLocalMapForLeaks
SEVERE: The web application [/jenkins] created a ThreadLocal with key of type [java.lang.ThreadLocal] (value [java.lang.ThreadLocal@589d618f]) and a value of type [org.acegisecurity.context.SecurityContextImpl] (value [org.acegisecurity.context.SecurityContextImpl@ffffffff: Null authentication]) but failed to remove it when the web application was stopped. This is very likely to create a memory leak.
May 18, 2015 1:12:36 PM org.apache.coyote.http11.Http11Protocol destroy
INFO: Stopping Coyote HTTP/1.1 on http-8080
May 18, 2015 1:12:59 PM org.apache.catalina.core.AprLifecycleListener init
INFO: The APR based Apache Tomcat Native library which allows optimal performance in production environments was not found on the java.library.path: /usr/java/packages/lib/amd64:/usr/lib64:/lib64:/lib:/usr/lib
May 18, 2015 1:12:59 PM org.apache.coyote.http11.Http11Protocol init
INFO: Initializing Coyote HTTP/1.1 on http-8080
May 18, 2015 1:12:59 PM org.apache.catalina.startup.Catalina load
INFO: Initialization processed in 958 ms
May 18, 2015 1:12:59 PM org.apache.catalina.core.StandardService start
INFO: Starting service Catalina
May 18, 2015 1:12:59 PM org.apache.catalina.core.StandardEngine start
INFO: Starting Servlet Engine: Apache Tomcat/6.0.44
May 18, 2015 1:12:59 PM org.apache.catalina.startup.HostConfig deployDescriptor
INFO: Deploying configuration descriptor host-manager.xml
May 18, 2015 1:13:00 PM org.apache.catalina.startup.HostConfig deployDescriptor
INFO: Deploying configuration descriptor manager.xml
May 18, 2015 1:13:00 PM org.apache.catalina.startup.HostConfig deployWAR
INFO: Deploying web application archive jenkins.war
May 18, 2015 1:13:02 PM org.apache.catalina.startup.HostConfig deployDirectory
INFO: Deploying web application directory ROOT
May 18, 2015 1:13:02 PM org.apache.catalina.startup.HostConfig deployDirectory
INFO: Deploying web application directory docs
May 18, 2015 1:13:02 PM org.apache.catalina.startup.HostConfig deployDirectory
INFO: Deploying web application directory examples
May 18, 2015 1:13:03 PM org.apache.coyote.http11.Http11Protocol start
INFO: Starting Coyote HTTP/1.1 on http-8080
May 18, 2015 1:13:03 PM org.apache.jk.common.ChannelSocket init
INFO: JK: ajp13 listening on /0.0.0.0:8009
May 18, 2015 1:13:03 PM org.apache.jk.server.JkMain start
INFO: Jk running ID=0 time=0/81  config=null
May 18, 2015 1:13:03 PM org.apache.catalina.startup.Catalina start
INFO: Server startup in 3570 ms
May 18, 2015 1:13:03 PM jenkins.InitReactorRunner$1 onAttained
INFO: Started initialization
May 18, 2015 1:13:03 PM jenkins.InitReactorRunner$1 onAttained
INFO: Listed all plugins
May 18, 2015 1:13:03 PM jenkins.InitReactorRunner$1 onAttained
INFO: Prepared all plugins
May 18, 2015 1:13:03 PM jenkins.InitReactorRunner$1 onAttained
INFO: Started all plugins
May 18, 2015 1:13:04 PM jenkins.InitReactorRunner$1 onAttained
INFO: Augmented all extensions
May 18, 2015 1:13:10 PM jenkins.InitReactorRunner$1 onAttained
INFO: Loaded all jobs
May 18, 2015 1:13:10 PM hudson.model.AsyncPeriodicWork$1 run
INFO: Started Download metadata
May 18, 2015 1:13:10 PM hudson.model.AsyncPeriodicWork$1 run
INFO: Finished Download metadata. 11 ms
May 18, 2015 1:13:12 PM org.jenkinsci.main.modules.sshd.SSHD start
INFO: Started SSHD at port 43335
May 18, 2015 1:13:12 PM jenkins.InitReactorRunner$1 onAttained
INFO: Completed initialization
May 18, 2015 1:13:12 PM hudson.WebAppMain$3 run
INFO: Jenkins is fully up and running
May 18, 2015 2:37:00 PM org.kohsuke.stapler.RequestImpl$TypePair convertJSON
WARNING: 'stapler-class' is deprecated: hudson.tasks.Shell
May 18, 2015 2:37:40 PM org.kohsuke.stapler.RequestImpl$TypePair convertJSON
WARNING: 'stapler-class' is deprecated: hudson.tasks.Shell
May 18, 2015 2:38:51 PM org.kohsuke.stapler.RequestImpl$TypePair convertJSON
WARNING: 'stapler-class' is deprecated: hudson.tasks.Shell
May 18, 2015 2:39:20 PM org.kohsuke.stapler.RequestImpl$TypePair convertJSON
WARNING: 'stapler-class' is deprecated: hudson.tasks.Shell
May 18, 2015 2:41:09 PM hudson.model.Run execute
INFO: Author stop #1 main build action completed: SUCCESS
May 18, 2015 2:42:16 PM org.kohsuke.stapler.RequestImpl$TypePair convertJSON
WARNING: 'stapler-class' is deprecated: com.cloudbees.plugins.credentials.impl.UsernamePasswordCredentialsImpl
May 18, 2015 2:43:02 PM hudson.model.Run execute
INFO: Author start #1 main build action completed: SUCCESS
May 18, 2015 2:46:02 PM org.kohsuke.stapler.RequestImpl$TypePair convertJSON
WARNING: 'stapler-class' is deprecated: hudson.views.StatusColumn
May 18, 2015 2:46:02 PM org.kohsuke.stapler.RequestImpl$TypePair convertJSON
WARNING: 'stapler-class' is deprecated: hudson.views.WeatherColumn
May 18, 2015 2:46:02 PM org.kohsuke.stapler.RequestImpl$TypePair convertJSON
WARNING: 'stapler-class' is deprecated: hudson.views.JobColumn
May 18, 2015 2:46:02 PM org.kohsuke.stapler.RequestImpl$TypePair convertJSON
WARNING: 'stapler-class' is deprecated: hudson.views.LastSuccessColumn
May 18, 2015 2:46:02 PM org.kohsuke.stapler.RequestImpl$TypePair convertJSON
WARNING: 'stapler-class' is deprecated: hudson.views.LastFailureColumn
May 18, 2015 2:46:02 PM org.kohsuke.stapler.RequestImpl$TypePair convertJSON
WARNING: 'stapler-class' is deprecated: hudson.views.LastDurationColumn
May 18, 2015 2:46:02 PM org.kohsuke.stapler.RequestImpl$TypePair convertJSON
WARNING: 'stapler-class' is deprecated: hudson.views.BuildButtonColumn
May 18, 2015 3:32:57 PM org.kohsuke.stapler.RequestImpl$TypePair convertJSON
WARNING: 'stapler-class' is deprecated: hudson.tasks.Shell
May 18, 2015 3:37:13 PM org.kohsuke.stapler.RequestImpl$TypePair convertJSON
WARNING: 'stapler-class' is deprecated: hudson.tasks.Shell
May 18, 2015 3:41:53 PM org.kohsuke.stapler.RequestImpl$TypePair convertJSON
WARNING: 'stapler-class' is deprecated: hudson.tasks.Shell
May 18, 2015 3:41:59 PM hudson.model.Run execute
INFO: cache clearence #1 main build action completed: FAILURE
May 18, 2015 3:42:31 PM hudson.model.Run execute
INFO: cache clearence #2 main build action completed: FAILURE
May 18, 2015 3:43:42 PM hudson.model.Run execute
INFO: publish start #1 main build action completed: SUCCESS
May 18, 2015 3:45:06 PM hudson.model.Run execute
INFO: cache clearence #3 main build action completed: SUCCESS
May 18, 2015 3:47:18 PM org.kohsuke.stapler.RequestImpl$TypePair convertJSON
WARNING: 'stapler-class' is deprecated: hudson.views.StatusColumn
May 18, 2015 3:47:18 PM org.kohsuke.stapler.RequestImpl$TypePair convertJSON
WARNING: 'stapler-class' is deprecated: hudson.views.WeatherColumn
May 18, 2015 3:47:18 PM org.kohsuke.stapler.RequestImpl$TypePair convertJSON
WARNING: 'stapler-class' is deprecated: hudson.views.JobColumn
May 18, 2015 3:47:18 PM org.kohsuke.stapler.RequestImpl$TypePair convertJSON
WARNING: 'stapler-class' is deprecated: hudson.views.LastSuccessColumn
May 18, 2015 3:47:18 PM org.kohsuke.stapler.RequestImpl$TypePair convertJSON
WARNING: 'stapler-class' is deprecated: hudson.views.LastFailureColumn
May 18, 2015 3:47:18 PM org.kohsuke.stapler.RequestImpl$TypePair convertJSON
WARNING: 'stapler-class' is deprecated: hudson.views.LastDurationColumn
May 18, 2015 3:47:18 PM org.kohsuke.stapler.RequestImpl$TypePair convertJSON
WARNING: 'stapler-class' is deprecated: hudson.views.BuildButtonColumn
May 18, 2015 4:33:27 PM org.kohsuke.stapler.RequestImpl$TypePair convertJSON
WARNING: 'stapler-class' is deprecated: com.cloudbees.plugins.credentials.impl.UsernamePasswordCredentialsImpl
May 18, 2015 4:35:55 PM org.kohsuke.stapler.RequestImpl$TypePair convertJSON
WARNING: 'stapler-class' is deprecated: hudson.markup.EscapedMarkupFormatter
May 18, 2015 4:38:08 PM hudson.model.Run execute
INFO: cache clearence #4 main build action completed: SUCCESS
