May 18, 2015 11:53:16 AM org.apache.catalina.core.AprLifecycleListener init
INFO: The APR based Apache Tomcat Native library which allows optimal performance in production environments was not found on the java.library.path: /usr/java/packages/lib/amd64:/usr/lib64:/lib64:/lib:/usr/lib
May 18, 2015 11:53:17 AM org.apache.coyote.http11.Http11Protocol init
INFO: Initializing Coyote HTTP/1.1 on http-8080
May 18, 2015 11:53:17 AM org.apache.catalina.startup.Catalina load
INFO: Initialization processed in 997 ms
May 18, 2015 11:53:17 AM org.apache.catalina.core.StandardService start
INFO: Starting service Catalina
May 18, 2015 11:53:17 AM org.apache.catalina.core.StandardEngine start
INFO: Starting Servlet Engine: Apache Tomcat/6.0.44
May 18, 2015 11:53:17 AM org.apache.catalina.startup.HostConfig deployDirectory
INFO: Deploying web application directory ROOT
May 18, 2015 11:53:17 AM org.apache.catalina.startup.HostConfig deployDirectory
INFO: Deploying web application directory docs
May 18, 2015 11:53:18 AM org.apache.catalina.startup.HostConfig deployDirectory
INFO: Deploying web application directory manager
May 18, 2015 11:53:18 AM org.apache.catalina.startup.HostConfig deployDirectory
INFO: Deploying web application directory examples
May 18, 2015 11:53:18 AM org.apache.catalina.startup.HostConfig deployDirectory
INFO: Deploying web application directory host-manager
May 18, 2015 11:53:18 AM org.apache.coyote.http11.Http11Protocol start
INFO: Starting Coyote HTTP/1.1 on http-8080
May 18, 2015 11:53:18 AM org.apache.jk.common.ChannelSocket init
INFO: JK: ajp13 listening on /0.0.0.0:8009
May 18, 2015 11:53:18 AM org.apache.jk.server.JkMain start
INFO: Jk running ID=0 time=0/23  config=null
May 18, 2015 11:53:18 AM org.apache.catalina.startup.Catalina start
INFO: Server startup in 1379 ms
May 18, 2015 11:54:22 AM org.apache.coyote.http11.Http11Protocol pause
INFO: Pausing Coyote HTTP/1.1 on http-8080
May 18, 2015 11:54:23 AM org.apache.catalina.core.StandardService stop
INFO: Stopping service Catalina
May 18, 2015 11:54:23 AM org.apache.coyote.http11.Http11Protocol destroy
INFO: Stopping Coyote HTTP/1.1 on http-8080
May 18, 2015 11:54:28 AM org.apache.catalina.core.AprLifecycleListener init
INFO: The APR based Apache Tomcat Native library which allows optimal performance in production environments was not found on the java.library.path: /usr/java/packages/lib/amd64:/usr/lib64:/lib64:/lib:/usr/lib
May 18, 2015 11:54:29 AM org.apache.coyote.http11.Http11Protocol init
INFO: Initializing Coyote HTTP/1.1 on http-8080
May 18, 2015 11:54:29 AM org.apache.catalina.startup.Catalina load
INFO: Initialization processed in 897 ms
May 18, 2015 11:54:29 AM org.apache.tomcat.util.digester.Digester fatalError
SEVERE: Parse Fatal Error at line 29 column 2: The content of elements must consist of well-formed character data or markup.
org.xml.sax.SAXParseException; lineNumber: 29; columnNumber: 2; The content of elements must consist of well-formed character data or markup.
	at com.sun.org.apache.xerces.internal.util.ErrorHandlerWrapper.createSAXParseException(ErrorHandlerWrapper.java:198)
	at com.sun.org.apache.xerces.internal.util.ErrorHandlerWrapper.fatalError(ErrorHandlerWrapper.java:177)
	at com.sun.org.apache.xerces.internal.impl.XMLErrorReporter.reportError(XMLErrorReporter.java:441)
	at com.sun.org.apache.xerces.internal.impl.XMLErrorReporter.reportError(XMLErrorReporter.java:368)
	at com.sun.org.apache.xerces.internal.impl.XMLScanner.reportFatalError(XMLScanner.java:1436)
	at com.sun.org.apache.xerces.internal.impl.XMLDocumentFragmentScannerImpl$FragmentContentDriver.startOfMarkup(XMLDocumentFragmentScannerImpl.java:2636)
	at com.sun.org.apache.xerces.internal.impl.XMLDocumentFragmentScannerImpl$FragmentContentDriver.next(XMLDocumentFragmentScannerImpl.java:2734)
	at com.sun.org.apache.xerces.internal.impl.XMLDocumentScannerImpl.next(XMLDocumentScannerImpl.java:606)
	at com.sun.org.apache.xerces.internal.impl.XMLDocumentFragmentScannerImpl.scanDocument(XMLDocumentFragmentScannerImpl.java:510)
	at com.sun.org.apache.xerces.internal.parsers.XML11Configuration.parse(XML11Configuration.java:848)
	at com.sun.org.apache.xerces.internal.parsers.XML11Configuration.parse(XML11Configuration.java:777)
	at com.sun.org.apache.xerces.internal.parsers.XMLParser.parse(XMLParser.java:141)
	at com.sun.org.apache.xerces.internal.parsers.AbstractSAXParser.parse(AbstractSAXParser.java:1213)
	at com.sun.org.apache.xerces.internal.jaxp.SAXParserImpl$JAXPSAXParser.parse(SAXParserImpl.java:648)
	at org.apache.tomcat.util.digester.Digester.parse(Digester.java:1694)
	at org.apache.catalina.users.MemoryUserDatabase.open(MemoryUserDatabase.java:409)
	at org.apache.catalina.users.MemoryUserDatabaseFactory.getObjectInstance(MemoryUserDatabaseFactory.java:103)
	at org.apache.naming.factory.ResourceFactory.getObjectInstance(ResourceFactory.java:140)
	at javax.naming.spi.NamingManager.getObjectInstance(NamingManager.java:321)
	at org.apache.naming.NamingContext.lookup(NamingContext.java:793)
	at org.apache.naming.NamingContext.lookup(NamingContext.java:140)
	at org.apache.naming.NamingContextBindingsEnumeration.nextElementInternal(NamingContextBindingsEnumeration.java:113)
	at org.apache.naming.NamingContextBindingsEnumeration.next(NamingContextBindingsEnumeration.java:71)
	at org.apache.catalina.mbeans.GlobalResourcesLifecycleListener.createMBeans(GlobalResourcesLifecycleListener.java:137)
	at org.apache.catalina.mbeans.GlobalResourcesLifecycleListener.createMBeans(GlobalResourcesLifecycleListener.java:109)
	at org.apache.catalina.mbeans.GlobalResourcesLifecycleListener.lifecycleEvent(GlobalResourcesLifecycleListener.java:81)
	at org.apache.catalina.util.LifecycleSupport.fireLifecycleEvent(LifecycleSupport.java:142)
	at org.apache.catalina.core.StandardServer.start(StandardServer.java:752)
	at org.apache.catalina.startup.Catalina.start(Catalina.java:595)
	at sun.reflect.NativeMethodAccessorImpl.invoke0(Native Method)
	at sun.reflect.NativeMethodAccessorImpl.invoke(NativeMethodAccessorImpl.java:57)
	at sun.reflect.DelegatingMethodAccessorImpl.invoke(DelegatingMethodAccessorImpl.java:43)
	at java.lang.reflect.Method.invoke(Method.java:606)
	at org.apache.catalina.startup.Bootstrap.start(Bootstrap.java:289)
	at org.apache.catalina.startup.Bootstrap.main(Bootstrap.java:414)

May 18, 2015 11:54:29 AM org.apache.naming.NamingContext lookup
WARNING: Unexpected exception resolving reference
org.xml.sax.SAXParseException; lineNumber: 29; columnNumber: 2; The content of elements must consist of well-formed character data or markup.
	at com.sun.org.apache.xerces.internal.parsers.AbstractSAXParser.parse(AbstractSAXParser.java:1239)
	at com.sun.org.apache.xerces.internal.jaxp.SAXParserImpl$JAXPSAXParser.parse(SAXParserImpl.java:648)
	at org.apache.tomcat.util.digester.Digester.parse(Digester.java:1694)
	at org.apache.catalina.users.MemoryUserDatabase.open(MemoryUserDatabase.java:409)
	at org.apache.catalina.users.MemoryUserDatabaseFactory.getObjectInstance(MemoryUserDatabaseFactory.java:103)
	at org.apache.naming.factory.ResourceFactory.getObjectInstance(ResourceFactory.java:140)
	at javax.naming.spi.NamingManager.getObjectInstance(NamingManager.java:321)
	at org.apache.naming.NamingContext.lookup(NamingContext.java:793)
	at org.apache.naming.NamingContext.lookup(NamingContext.java:140)
	at org.apache.naming.NamingContextBindingsEnumeration.nextElementInternal(NamingContextBindingsEnumeration.java:113)
	at org.apache.naming.NamingContextBindingsEnumeration.next(NamingContextBindingsEnumeration.java:71)
	at org.apache.catalina.mbeans.GlobalResourcesLifecycleListener.createMBeans(GlobalResourcesLifecycleListener.java:137)
	at org.apache.catalina.mbeans.GlobalResourcesLifecycleListener.createMBeans(GlobalResourcesLifecycleListener.java:109)
	at org.apache.catalina.mbeans.GlobalResourcesLifecycleListener.lifecycleEvent(GlobalResourcesLifecycleListener.java:81)
	at org.apache.catalina.util.LifecycleSupport.fireLifecycleEvent(LifecycleSupport.java:142)
	at org.apache.catalina.core.StandardServer.start(StandardServer.java:752)
	at org.apache.catalina.startup.Catalina.start(Catalina.java:595)
	at sun.reflect.NativeMethodAccessorImpl.invoke0(Native Method)
	at sun.reflect.NativeMethodAccessorImpl.invoke(NativeMethodAccessorImpl.java:57)
	at sun.reflect.DelegatingMethodAccessorImpl.invoke(DelegatingMethodAccessorImpl.java:43)
	at java.lang.reflect.Method.invoke(Method.java:606)
	at org.apache.catalina.startup.Bootstrap.start(Bootstrap.java:289)
	at org.apache.catalina.startup.Bootstrap.main(Bootstrap.java:414)

May 18, 2015 11:54:29 AM org.apache.catalina.mbeans.GlobalResourcesLifecycleListener createMBeans
SEVERE: Exception processing Global JNDI Resources
javax.naming.NamingException: The content of elements must consist of well-formed character data or markup.
	at org.apache.naming.NamingContext.lookup(NamingContext.java:805)
	at org.apache.naming.NamingContext.lookup(NamingContext.java:140)
	at org.apache.naming.NamingContextBindingsEnumeration.nextElementInternal(NamingContextBindingsEnumeration.java:113)
	at org.apache.naming.NamingContextBindingsEnumeration.next(NamingContextBindingsEnumeration.java:71)
	at org.apache.catalina.mbeans.GlobalResourcesLifecycleListener.createMBeans(GlobalResourcesLifecycleListener.java:137)
	at org.apache.catalina.mbeans.GlobalResourcesLifecycleListener.createMBeans(GlobalResourcesLifecycleListener.java:109)
	at org.apache.catalina.mbeans.GlobalResourcesLifecycleListener.lifecycleEvent(GlobalResourcesLifecycleListener.java:81)
	at org.apache.catalina.util.LifecycleSupport.fireLifecycleEvent(LifecycleSupport.java:142)
	at org.apache.catalina.core.StandardServer.start(StandardServer.java:752)
	at org.apache.catalina.startup.Catalina.start(Catalina.java:595)
	at sun.reflect.NativeMethodAccessorImpl.invoke0(Native Method)
	at sun.reflect.NativeMethodAccessorImpl.invoke(NativeMethodAccessorImpl.java:57)
	at sun.reflect.DelegatingMethodAccessorImpl.invoke(DelegatingMethodAccessorImpl.java:43)
	at java.lang.reflect.Method.invoke(Method.java:606)
	at org.apache.catalina.startup.Bootstrap.start(Bootstrap.java:289)
	at org.apache.catalina.startup.Bootstrap.main(Bootstrap.java:414)

May 18, 2015 11:54:29 AM org.apache.catalina.core.StandardService start
INFO: Starting service Catalina
May 18, 2015 11:54:29 AM org.apache.catalina.core.StandardEngine start
INFO: Starting Servlet Engine: Apache Tomcat/6.0.44
May 18, 2015 11:54:29 AM org.apache.tomcat.util.digester.Digester fatalError
SEVERE: Parse Fatal Error at line 29 column 2: The content of elements must consist of well-formed character data or markup.
org.xml.sax.SAXParseException; lineNumber: 29; columnNumber: 2; The content of elements must consist of well-formed character data or markup.
	at com.sun.org.apache.xerces.internal.util.ErrorHandlerWrapper.createSAXParseException(ErrorHandlerWrapper.java:198)
	at com.sun.org.apache.xerces.internal.util.ErrorHandlerWrapper.fatalError(ErrorHandlerWrapper.java:177)
	at com.sun.org.apache.xerces.internal.impl.XMLErrorReporter.reportError(XMLErrorReporter.java:441)
	at com.sun.org.apache.xerces.internal.impl.XMLErrorReporter.reportError(XMLErrorReporter.java:368)
	at com.sun.org.apache.xerces.internal.impl.XMLScanner.reportFatalError(XMLScanner.java:1436)
	at com.sun.org.apache.xerces.internal.impl.XMLDocumentFragmentScannerImpl$FragmentContentDriver.startOfMarkup(XMLDocumentFragmentScannerImpl.java:2636)
	at com.sun.org.apache.xerces.internal.impl.XMLDocumentFragmentScannerImpl$FragmentContentDriver.next(XMLDocumentFragmentScannerImpl.java:2734)
	at com.sun.org.apache.xerces.internal.impl.XMLDocumentScannerImpl.next(XMLDocumentScannerImpl.java:606)
	at com.sun.org.apache.xerces.internal.impl.XMLDocumentFragmentScannerImpl.scanDocument(XMLDocumentFragmentScannerImpl.java:510)
	at com.sun.org.apache.xerces.internal.parsers.XML11Configuration.parse(XML11Configuration.java:848)
	at com.sun.org.apache.xerces.internal.parsers.XML11Configuration.parse(XML11Configuration.java:777)
	at com.sun.org.apache.xerces.internal.parsers.XMLParser.parse(XMLParser.java:141)
	at com.sun.org.apache.xerces.internal.parsers.AbstractSAXParser.parse(AbstractSAXParser.java:1213)
	at com.sun.org.apache.xerces.internal.jaxp.SAXParserImpl$JAXPSAXParser.parse(SAXParserImpl.java:648)
	at org.apache.tomcat.util.digester.Digester.parse(Digester.java:1694)
	at org.apache.catalina.users.MemoryUserDatabase.open(MemoryUserDatabase.java:409)
	at org.apache.catalina.users.MemoryUserDatabaseFactory.getObjectInstance(MemoryUserDatabaseFactory.java:103)
	at org.apache.naming.factory.ResourceFactory.getObjectInstance(ResourceFactory.java:140)
	at javax.naming.spi.NamingManager.getObjectInstance(NamingManager.java:321)
	at org.apache.naming.NamingContext.lookup(NamingContext.java:793)
	at org.apache.naming.NamingContext.lookup(NamingContext.java:153)
	at org.apache.catalina.realm.UserDatabaseRealm.start(UserDatabaseRealm.java:253)
	at org.apache.catalina.core.ContainerBase.start(ContainerBase.java:1052)
	at org.apache.catalina.core.StandardEngine.start(StandardEngine.java:463)
	at org.apache.catalina.core.StandardService.start(StandardService.java:525)
	at org.apache.catalina.core.StandardServer.start(StandardServer.java:759)
	at org.apache.catalina.startup.Catalina.start(Catalina.java:595)
	at sun.reflect.NativeMethodAccessorImpl.invoke0(Native Method)
	at sun.reflect.NativeMethodAccessorImpl.invoke(NativeMethodAccessorImpl.java:57)
	at sun.reflect.DelegatingMethodAccessorImpl.invoke(DelegatingMethodAccessorImpl.java:43)
	at java.lang.reflect.Method.invoke(Method.java:606)
	at org.apache.catalina.startup.Bootstrap.start(Bootstrap.java:289)
	at org.apache.catalina.startup.Bootstrap.main(Bootstrap.java:414)

May 18, 2015 11:54:29 AM org.apache.naming.NamingContext lookup
WARNING: Unexpected exception resolving reference
org.xml.sax.SAXParseException; lineNumber: 29; columnNumber: 2; The content of elements must consist of well-formed character data or markup.
	at com.sun.org.apache.xerces.internal.parsers.AbstractSAXParser.parse(AbstractSAXParser.java:1239)
	at com.sun.org.apache.xerces.internal.jaxp.SAXParserImpl$JAXPSAXParser.parse(SAXParserImpl.java:648)
	at org.apache.tomcat.util.digester.Digester.parse(Digester.java:1694)
	at org.apache.catalina.users.MemoryUserDatabase.open(MemoryUserDatabase.java:409)
	at org.apache.catalina.users.MemoryUserDatabaseFactory.getObjectInstance(MemoryUserDatabaseFactory.java:103)
	at org.apache.naming.factory.ResourceFactory.getObjectInstance(ResourceFactory.java:140)
	at javax.naming.spi.NamingManager.getObjectInstance(NamingManager.java:321)
	at org.apache.naming.NamingContext.lookup(NamingContext.java:793)
	at org.apache.naming.NamingContext.lookup(NamingContext.java:153)
	at org.apache.catalina.realm.UserDatabaseRealm.start(UserDatabaseRealm.java:253)
	at org.apache.catalina.core.ContainerBase.start(ContainerBase.java:1052)
	at org.apache.catalina.core.StandardEngine.start(StandardEngine.java:463)
	at org.apache.catalina.core.StandardService.start(StandardService.java:525)
	at org.apache.catalina.core.StandardServer.start(StandardServer.java:759)
	at org.apache.catalina.startup.Catalina.start(Catalina.java:595)
	at sun.reflect.NativeMethodAccessorImpl.invoke0(Native Method)
	at sun.reflect.NativeMethodAccessorImpl.invoke(NativeMethodAccessorImpl.java:57)
	at sun.reflect.DelegatingMethodAccessorImpl.invoke(DelegatingMethodAccessorImpl.java:43)
	at java.lang.reflect.Method.invoke(Method.java:606)
	at org.apache.catalina.startup.Bootstrap.start(Bootstrap.java:289)
	at org.apache.catalina.startup.Bootstrap.main(Bootstrap.java:414)

May 18, 2015 11:54:29 AM org.apache.catalina.realm.UserDatabaseRealm start
SEVERE: Exception looking up UserDatabase under key UserDatabase
javax.naming.NamingException: The content of elements must consist of well-formed character data or markup.
	at org.apache.naming.NamingContext.lookup(NamingContext.java:805)
	at org.apache.naming.NamingContext.lookup(NamingContext.java:153)
	at org.apache.catalina.realm.UserDatabaseRealm.start(UserDatabaseRealm.java:253)
	at org.apache.catalina.core.ContainerBase.start(ContainerBase.java:1052)
	at org.apache.catalina.core.StandardEngine.start(StandardEngine.java:463)
	at org.apache.catalina.core.StandardService.start(StandardService.java:525)
	at org.apache.catalina.core.StandardServer.start(StandardServer.java:759)
	at org.apache.catalina.startup.Catalina.start(Catalina.java:595)
	at sun.reflect.NativeMethodAccessorImpl.invoke0(Native Method)
	at sun.reflect.NativeMethodAccessorImpl.invoke(NativeMethodAccessorImpl.java:57)
	at sun.reflect.DelegatingMethodAccessorImpl.invoke(DelegatingMethodAccessorImpl.java:43)
	at java.lang.reflect.Method.invoke(Method.java:606)
	at org.apache.catalina.startup.Bootstrap.start(Bootstrap.java:289)
	at org.apache.catalina.startup.Bootstrap.main(Bootstrap.java:414)

May 18, 2015 11:54:29 AM org.apache.catalina.startup.Catalina start
SEVERE: Catalina.start: 
LifecycleException:  No UserDatabase component found under key UserDatabase
	at org.apache.catalina.realm.UserDatabaseRealm.start(UserDatabaseRealm.java:261)
	at org.apache.catalina.core.ContainerBase.start(ContainerBase.java:1052)
	at org.apache.catalina.core.StandardEngine.start(StandardEngine.java:463)
	at org.apache.catalina.core.StandardService.start(StandardService.java:525)
	at org.apache.catalina.core.StandardServer.start(StandardServer.java:759)
	at org.apache.catalina.startup.Catalina.start(Catalina.java:595)
	at sun.reflect.NativeMethodAccessorImpl.invoke0(Native Method)
	at sun.reflect.NativeMethodAccessorImpl.invoke(NativeMethodAccessorImpl.java:57)
	at sun.reflect.DelegatingMethodAccessorImpl.invoke(DelegatingMethodAccessorImpl.java:43)
	at java.lang.reflect.Method.invoke(Method.java:606)
	at org.apache.catalina.startup.Bootstrap.start(Bootstrap.java:289)
	at org.apache.catalina.startup.Bootstrap.main(Bootstrap.java:414)

May 18, 2015 11:54:29 AM org.apache.catalina.startup.Catalina start
INFO: Server startup in 100 ms
May 18, 2015 11:55:50 AM org.apache.catalina.core.AprLifecycleListener init
INFO: The APR based Apache Tomcat Native library which allows optimal performance in production environments was not found on the java.library.path: /usr/java/packages/lib/amd64:/usr/lib64:/lib64:/lib:/usr/lib
May 18, 2015 11:55:50 AM org.apache.coyote.http11.Http11Protocol init
SEVERE: Error initializing endpoint
java.net.BindException: Address already in use <null>:8080
	at org.apache.tomcat.util.net.JIoEndpoint.init(JIoEndpoint.java:549)
	at org.apache.coyote.http11.Http11Protocol.init(Http11Protocol.java:182)
	at org.apache.catalina.connector.Connector.initialize(Connector.java:1123)
	at org.apache.catalina.core.StandardService.initialize(StandardService.java:703)
	at org.apache.catalina.core.StandardServer.initialize(StandardServer.java:843)
	at org.apache.catalina.startup.Catalina.load(Catalina.java:538)
	at org.apache.catalina.startup.Catalina.load(Catalina.java:562)
	at sun.reflect.NativeMethodAccessorImpl.invoke0(Native Method)
	at sun.reflect.NativeMethodAccessorImpl.invoke(NativeMethodAccessorImpl.java:57)
	at sun.reflect.DelegatingMethodAccessorImpl.invoke(DelegatingMethodAccessorImpl.java:43)
	at java.lang.reflect.Method.invoke(Method.java:606)
	at org.apache.catalina.startup.Bootstrap.load(Bootstrap.java:261)
	at org.apache.catalina.startup.Bootstrap.main(Bootstrap.java:413)
Caused by: java.net.BindException: Address already in use
	at java.net.PlainSocketImpl.socketBind(Native Method)
	at java.net.AbstractPlainSocketImpl.bind(AbstractPlainSocketImpl.java:376)
	at java.net.ServerSocket.bind(ServerSocket.java:376)
	at java.net.ServerSocket.<init>(ServerSocket.java:237)
	at java.net.ServerSocket.<init>(ServerSocket.java:181)
	at org.apache.tomcat.util.net.DefaultServerSocketFactory.createSocket(DefaultServerSocketFactory.java:50)
	at org.apache.tomcat.util.net.JIoEndpoint.init(JIoEndpoint.java:538)
	... 12 more

May 18, 2015 11:55:50 AM org.apache.catalina.core.StandardService initialize
SEVERE: Failed to initialize connector [Connector[HTTP/1.1-8080]]
LifecycleException:  Protocol handler initialization failed: java.net.BindException: Address already in use <null>:8080
	at org.apache.catalina.connector.Connector.initialize(Connector.java:1125)
	at org.apache.catalina.core.StandardService.initialize(StandardService.java:703)
	at org.apache.catalina.core.StandardServer.initialize(StandardServer.java:843)
	at org.apache.catalina.startup.Catalina.load(Catalina.java:538)
	at org.apache.catalina.startup.Catalina.load(Catalina.java:562)
	at sun.reflect.NativeMethodAccessorImpl.invoke0(Native Method)
	at sun.reflect.NativeMethodAccessorImpl.invoke(NativeMethodAccessorImpl.java:57)
	at sun.reflect.DelegatingMethodAccessorImpl.invoke(DelegatingMethodAccessorImpl.java:43)
	at java.lang.reflect.Method.invoke(Method.java:606)
	at org.apache.catalina.startup.Bootstrap.load(Bootstrap.java:261)
	at org.apache.catalina.startup.Bootstrap.main(Bootstrap.java:413)

May 18, 2015 11:55:50 AM org.apache.catalina.startup.Catalina load
INFO: Initialization processed in 881 ms
May 18, 2015 11:55:50 AM org.apache.catalina.core.StandardService start
INFO: Starting service Catalina
May 18, 2015 11:55:50 AM org.apache.catalina.core.StandardEngine start
INFO: Starting Servlet Engine: Apache Tomcat/6.0.44
May 18, 2015 11:55:50 AM org.apache.catalina.startup.HostConfig deployDescriptor
INFO: Deploying configuration descriptor host-manager.xml
May 18, 2015 11:55:51 AM org.apache.catalina.startup.HostConfig deployDescriptor
INFO: Deploying configuration descriptor manager.xml
May 18, 2015 11:55:51 AM org.apache.catalina.startup.HostConfig deployDirectory
INFO: Deploying web application directory ROOT
May 18, 2015 11:55:51 AM org.apache.catalina.startup.HostConfig deployDirectory
INFO: Deploying web application directory docs
May 18, 2015 11:55:51 AM org.apache.catalina.startup.HostConfig deployDirectory
INFO: Deploying web application directory examples
May 18, 2015 11:55:51 AM org.apache.coyote.http11.Http11Protocol start
SEVERE: Error starting endpoint
java.net.BindException: Address already in use <null>:8080
	at org.apache.tomcat.util.net.JIoEndpoint.init(JIoEndpoint.java:549)
	at org.apache.tomcat.util.net.JIoEndpoint.start(JIoEndpoint.java:565)
	at org.apache.coyote.http11.Http11Protocol.start(Http11Protocol.java:209)
	at org.apache.catalina.connector.Connector.start(Connector.java:1196)
	at org.apache.catalina.core.StandardService.start(StandardService.java:540)
	at org.apache.catalina.core.StandardServer.start(StandardServer.java:759)
	at org.apache.catalina.startup.Catalina.start(Catalina.java:595)
	at sun.reflect.NativeMethodAccessorImpl.invoke0(Native Method)
	at sun.reflect.NativeMethodAccessorImpl.invoke(NativeMethodAccessorImpl.java:57)
	at sun.reflect.DelegatingMethodAccessorImpl.invoke(DelegatingMethodAccessorImpl.java:43)
	at java.lang.reflect.Method.invoke(Method.java:606)
	at org.apache.catalina.startup.Bootstrap.start(Bootstrap.java:289)
	at org.apache.catalina.startup.Bootstrap.main(Bootstrap.java:414)
Caused by: java.net.BindException: Address already in use
	at java.net.PlainSocketImpl.socketBind(Native Method)
	at java.net.AbstractPlainSocketImpl.bind(AbstractPlainSocketImpl.java:376)
	at java.net.ServerSocket.bind(ServerSocket.java:376)
	at java.net.ServerSocket.<init>(ServerSocket.java:237)
	at java.net.ServerSocket.<init>(ServerSocket.java:181)
	at org.apache.tomcat.util.net.DefaultServerSocketFactory.createSocket(DefaultServerSocketFactory.java:50)
	at org.apache.tomcat.util.net.JIoEndpoint.init(JIoEndpoint.java:538)
	... 12 more

May 18, 2015 11:55:51 AM org.apache.catalina.core.StandardService start
SEVERE: Failed to start connector [Connector[HTTP/1.1-8080]]
LifecycleException:  service.getName(): "Catalina";  Protocol handler start failed: java.net.BindException: Address already in use <null>:8080
	at org.apache.catalina.connector.Connector.start(Connector.java:1203)
	at org.apache.catalina.core.StandardService.start(StandardService.java:540)
	at org.apache.catalina.core.StandardServer.start(StandardServer.java:759)
	at org.apache.catalina.startup.Catalina.start(Catalina.java:595)
	at sun.reflect.NativeMethodAccessorImpl.invoke0(Native Method)
	at sun.reflect.NativeMethodAccessorImpl.invoke(NativeMethodAccessorImpl.java:57)
	at sun.reflect.DelegatingMethodAccessorImpl.invoke(DelegatingMethodAccessorImpl.java:43)
	at java.lang.reflect.Method.invoke(Method.java:606)
	at org.apache.catalina.startup.Bootstrap.start(Bootstrap.java:289)
	at org.apache.catalina.startup.Bootstrap.main(Bootstrap.java:414)

May 18, 2015 11:55:51 AM org.apache.jk.common.ChannelSocket init
INFO: JK: ajp13 listening on /0.0.0.0:8009
May 18, 2015 11:55:51 AM org.apache.jk.server.JkMain start
INFO: Jk running ID=0 time=1/22  config=null
May 18, 2015 11:55:52 AM org.apache.catalina.startup.Catalina start
INFO: Server startup in 1469 ms
May 18, 2015 11:55:52 AM org.apache.catalina.core.StandardServer await
SEVERE: StandardServer.await: create[8005]: 
java.net.BindException: Address already in use
	at java.net.PlainSocketImpl.socketBind(Native Method)
	at java.net.AbstractPlainSocketImpl.bind(AbstractPlainSocketImpl.java:376)
	at java.net.ServerSocket.bind(ServerSocket.java:376)
	at java.net.ServerSocket.<init>(ServerSocket.java:237)
	at org.apache.catalina.core.StandardServer.await(StandardServer.java:404)
	at org.apache.catalina.startup.Catalina.await(Catalina.java:676)
	at org.apache.catalina.startup.Catalina.start(Catalina.java:628)
	at sun.reflect.NativeMethodAccessorImpl.invoke0(Native Method)
	at sun.reflect.NativeMethodAccessorImpl.invoke(NativeMethodAccessorImpl.java:57)
	at sun.reflect.DelegatingMethodAccessorImpl.invoke(DelegatingMethodAccessorImpl.java:43)
	at java.lang.reflect.Method.invoke(Method.java:606)
	at org.apache.catalina.startup.Bootstrap.start(Bootstrap.java:289)
	at org.apache.catalina.startup.Bootstrap.main(Bootstrap.java:414)

May 18, 2015 11:55:52 AM org.apache.coyote.http11.Http11Protocol pause
INFO: Pausing Coyote HTTP/1.1 on http-8080
May 18, 2015 11:55:53 AM org.apache.catalina.core.StandardService stop
INFO: Stopping service Catalina
May 18, 2015 11:55:53 AM org.apache.coyote.http11.Http11Protocol destroy
INFO: Stopping Coyote HTTP/1.1 on http-8080
May 18, 2015 11:56:02 AM org.apache.coyote.http11.Http11Protocol pause
INFO: Pausing Coyote HTTP/1.1 on http-8080
May 18, 2015 11:56:03 AM org.apache.catalina.core.StandardService stop
INFO: Stopping service Catalina
May 18, 2015 11:56:03 AM org.apache.catalina.startup.Catalina stop
SEVERE: Catalina.stop
LifecycleException:  Pipeline has not been started
	at org.apache.catalina.core.StandardPipeline.stop(StandardPipeline.java:257)
	at org.apache.catalina.core.ContainerBase.stop(ContainerBase.java:1106)
	at org.apache.catalina.core.StandardEngine.stop(StandardEngine.java:468)
	at org.apache.catalina.core.StandardService.stop(StandardService.java:604)
	at org.apache.catalina.core.StandardServer.stop(StandardServer.java:793)
	at org.apache.catalina.startup.Catalina.stop(Catalina.java:662)
	at org.apache.catalina.startup.Catalina.start(Catalina.java:629)
	at sun.reflect.NativeMethodAccessorImpl.invoke0(Native Method)
	at sun.reflect.NativeMethodAccessorImpl.invoke(NativeMethodAccessorImpl.java:57)
	at sun.reflect.DelegatingMethodAccessorImpl.invoke(DelegatingMethodAccessorImpl.java:43)
	at java.lang.reflect.Method.invoke(Method.java:606)
	at org.apache.catalina.startup.Bootstrap.start(Bootstrap.java:289)
	at org.apache.catalina.startup.Bootstrap.main(Bootstrap.java:414)

May 18, 2015 11:56:06 AM org.apache.catalina.core.AprLifecycleListener init
INFO: The APR based Apache Tomcat Native library which allows optimal performance in production environments was not found on the java.library.path: /usr/java/packages/lib/amd64:/usr/lib64:/lib64:/lib:/usr/lib
May 18, 2015 11:56:06 AM org.apache.coyote.http11.Http11Protocol init
INFO: Initializing Coyote HTTP/1.1 on http-8080
May 18, 2015 11:56:06 AM org.apache.catalina.startup.Catalina load
INFO: Initialization processed in 918 ms
May 18, 2015 11:56:06 AM org.apache.catalina.core.StandardService start
INFO: Starting service Catalina
May 18, 2015 11:56:06 AM org.apache.catalina.core.StandardEngine start
INFO: Starting Servlet Engine: Apache Tomcat/6.0.44
May 18, 2015 11:56:06 AM org.apache.catalina.startup.HostConfig deployDescriptor
INFO: Deploying configuration descriptor host-manager.xml
May 18, 2015 11:56:07 AM org.apache.catalina.startup.HostConfig deployDescriptor
INFO: Deploying configuration descriptor manager.xml
May 18, 2015 11:56:07 AM org.apache.catalina.startup.HostConfig deployDirectory
INFO: Deploying web application directory ROOT
May 18, 2015 11:56:07 AM org.apache.catalina.startup.HostConfig deployDirectory
INFO: Deploying web application directory docs
May 18, 2015 11:56:07 AM org.apache.catalina.startup.HostConfig deployDirectory
INFO: Deploying web application directory examples
May 18, 2015 11:56:08 AM org.apache.coyote.http11.Http11Protocol start
INFO: Starting Coyote HTTP/1.1 on http-8080
May 18, 2015 11:56:08 AM org.apache.jk.common.ChannelSocket init
INFO: JK: ajp13 listening on /0.0.0.0:8009
May 18, 2015 11:56:08 AM org.apache.jk.server.JkMain start
INFO: Jk running ID=0 time=0/24  config=null
May 18, 2015 11:56:08 AM org.apache.catalina.startup.Catalina start
INFO: Server startup in 1484 ms
May 18, 2015 11:57:50 AM org.apache.coyote.http11.Http11Protocol pause
INFO: Pausing Coyote HTTP/1.1 on http-8080
May 18, 2015 11:57:51 AM org.apache.catalina.core.StandardService stop
INFO: Stopping service Catalina
May 18, 2015 11:57:51 AM org.apache.coyote.http11.Http11Protocol destroy
INFO: Stopping Coyote HTTP/1.1 on http-8080
May 18, 2015 1:12:59 PM org.apache.catalina.core.AprLifecycleListener init
INFO: The APR based Apache Tomcat Native library which allows optimal performance in production environments was not found on the java.library.path: /usr/java/packages/lib/amd64:/usr/lib64:/lib64:/lib:/usr/lib
May 18, 2015 1:12:59 PM org.apache.coyote.http11.Http11Protocol init
INFO: Initializing Coyote HTTP/1.1 on http-8080
May 18, 2015 1:12:59 PM org.apache.catalina.startup.Catalina load
INFO: Initialization processed in 958 ms
May 18, 2015 1:12:59 PM org.apache.catalina.core.StandardService start
INFO: Starting service Catalina
May 18, 2015 1:12:59 PM org.apache.catalina.core.StandardEngine start
INFO: Starting Servlet Engine: Apache Tomcat/6.0.44
May 18, 2015 1:12:59 PM org.apache.catalina.startup.HostConfig deployDescriptor
INFO: Deploying configuration descriptor host-manager.xml
May 18, 2015 1:13:00 PM org.apache.catalina.startup.HostConfig deployDescriptor
INFO: Deploying configuration descriptor manager.xml
May 18, 2015 1:13:00 PM org.apache.catalina.startup.HostConfig deployWAR
INFO: Deploying web application archive jenkins.war
Jenkins home directory: /app/tomcat/.jenkins found at: EnvVars.masterEnvVars.get("JENKINS_HOME")
May 18, 2015 1:13:02 PM org.apache.catalina.startup.HostConfig deployDirectory
INFO: Deploying web application directory ROOT
May 18, 2015 1:13:02 PM org.apache.catalina.startup.HostConfig deployDirectory
INFO: Deploying web application directory docs
May 18, 2015 1:13:02 PM org.apache.catalina.startup.HostConfig deployDirectory
INFO: Deploying web application directory examples
May 18, 2015 1:13:03 PM org.apache.coyote.http11.Http11Protocol start
INFO: Starting Coyote HTTP/1.1 on http-8080
May 18, 2015 1:13:03 PM org.apache.jk.common.ChannelSocket init
INFO: JK: ajp13 listening on /0.0.0.0:8009
May 18, 2015 1:13:03 PM org.apache.jk.server.JkMain start
INFO: Jk running ID=0 time=0/81  config=null
May 18, 2015 1:13:03 PM org.apache.catalina.startup.Catalina start
INFO: Server startup in 3570 ms
May 18, 2015 1:13:03 PM jenkins.InitReactorRunner$1 onAttained
INFO: Started initialization
May 18, 2015 1:13:03 PM jenkins.InitReactorRunner$1 onAttained
INFO: Listed all plugins
May 18, 2015 1:13:03 PM jenkins.InitReactorRunner$1 onAttained
INFO: Prepared all plugins
May 18, 2015 1:13:03 PM jenkins.InitReactorRunner$1 onAttained
INFO: Started all plugins
May 18, 2015 1:13:04 PM jenkins.InitReactorRunner$1 onAttained
INFO: Augmented all extensions
May 18, 2015 1:13:10 PM jenkins.InitReactorRunner$1 onAttained
INFO: Loaded all jobs
May 18, 2015 1:13:10 PM hudson.model.AsyncPeriodicWork$1 run
INFO: Started Download metadata
May 18, 2015 1:13:10 PM hudson.model.AsyncPeriodicWork$1 run
INFO: Finished Download metadata. 11 ms
May 18, 2015 1:13:12 PM org.jenkinsci.main.modules.sshd.SSHD start
INFO: Started SSHD at port 43335
May 18, 2015 1:13:12 PM jenkins.InitReactorRunner$1 onAttained
INFO: Completed initialization
May 18, 2015 1:13:12 PM hudson.WebAppMain$3 run
INFO: Jenkins is fully up and running
May 18, 2015 2:37:00 PM org.kohsuke.stapler.RequestImpl$TypePair convertJSON
WARNING: 'stapler-class' is deprecated: hudson.tasks.Shell
May 18, 2015 2:37:40 PM org.kohsuke.stapler.RequestImpl$TypePair convertJSON
WARNING: 'stapler-class' is deprecated: hudson.tasks.Shell
May 18, 2015 2:38:51 PM org.kohsuke.stapler.RequestImpl$TypePair convertJSON
WARNING: 'stapler-class' is deprecated: hudson.tasks.Shell
May 18, 2015 2:39:20 PM org.kohsuke.stapler.RequestImpl$TypePair convertJSON
WARNING: 'stapler-class' is deprecated: hudson.tasks.Shell
May 18, 2015 2:41:09 PM hudson.model.Run execute
INFO: Author stop #1 main build action completed: SUCCESS
May 18, 2015 2:42:16 PM org.kohsuke.stapler.RequestImpl$TypePair convertJSON
WARNING: 'stapler-class' is deprecated: com.cloudbees.plugins.credentials.impl.UsernamePasswordCredentialsImpl
May 18, 2015 2:43:02 PM hudson.model.Run execute
INFO: Author start #1 main build action completed: SUCCESS
May 18, 2015 2:46:02 PM org.kohsuke.stapler.RequestImpl$TypePair convertJSON
WARNING: 'stapler-class' is deprecated: hudson.views.StatusColumn
May 18, 2015 2:46:02 PM org.kohsuke.stapler.RequestImpl$TypePair convertJSON
WARNING: 'stapler-class' is deprecated: hudson.views.WeatherColumn
May 18, 2015 2:46:02 PM org.kohsuke.stapler.RequestImpl$TypePair convertJSON
WARNING: 'stapler-class' is deprecated: hudson.views.JobColumn
May 18, 2015 2:46:02 PM org.kohsuke.stapler.RequestImpl$TypePair convertJSON
WARNING: 'stapler-class' is deprecated: hudson.views.LastSuccessColumn
May 18, 2015 2:46:02 PM org.kohsuke.stapler.RequestImpl$TypePair convertJSON
WARNING: 'stapler-class' is deprecated: hudson.views.LastFailureColumn
May 18, 2015 2:46:02 PM org.kohsuke.stapler.RequestImpl$TypePair convertJSON
WARNING: 'stapler-class' is deprecated: hudson.views.LastDurationColumn
May 18, 2015 2:46:02 PM org.kohsuke.stapler.RequestImpl$TypePair convertJSON
WARNING: 'stapler-class' is deprecated: hudson.views.BuildButtonColumn
May 18, 2015 3:32:57 PM org.kohsuke.stapler.RequestImpl$TypePair convertJSON
WARNING: 'stapler-class' is deprecated: hudson.tasks.Shell
May 18, 2015 3:37:13 PM org.kohsuke.stapler.RequestImpl$TypePair convertJSON
WARNING: 'stapler-class' is deprecated: hudson.tasks.Shell
May 18, 2015 3:41:53 PM org.kohsuke.stapler.RequestImpl$TypePair convertJSON
WARNING: 'stapler-class' is deprecated: hudson.tasks.Shell
May 18, 2015 3:41:59 PM hudson.model.Run execute
INFO: cache clearence #1 main build action completed: FAILURE
May 18, 2015 3:42:31 PM hudson.model.Run execute
INFO: cache clearence #2 main build action completed: FAILURE
May 18, 2015 3:43:42 PM hudson.model.Run execute
INFO: publish start #1 main build action completed: SUCCESS
May 18, 2015 3:45:06 PM hudson.model.Run execute
INFO: cache clearence #3 main build action completed: SUCCESS
May 18, 2015 3:47:18 PM org.kohsuke.stapler.RequestImpl$TypePair convertJSON
WARNING: 'stapler-class' is deprecated: hudson.views.StatusColumn
May 18, 2015 3:47:18 PM org.kohsuke.stapler.RequestImpl$TypePair convertJSON
WARNING: 'stapler-class' is deprecated: hudson.views.WeatherColumn
May 18, 2015 3:47:18 PM org.kohsuke.stapler.RequestImpl$TypePair convertJSON
WARNING: 'stapler-class' is deprecated: hudson.views.JobColumn
May 18, 2015 3:47:18 PM org.kohsuke.stapler.RequestImpl$TypePair convertJSON
WARNING: 'stapler-class' is deprecated: hudson.views.LastSuccessColumn
May 18, 2015 3:47:18 PM org.kohsuke.stapler.RequestImpl$TypePair convertJSON
WARNING: 'stapler-class' is deprecated: hudson.views.LastFailureColumn
May 18, 2015 3:47:18 PM org.kohsuke.stapler.RequestImpl$TypePair convertJSON
WARNING: 'stapler-class' is deprecated: hudson.views.LastDurationColumn
May 18, 2015 3:47:18 PM org.kohsuke.stapler.RequestImpl$TypePair convertJSON
WARNING: 'stapler-class' is deprecated: hudson.views.BuildButtonColumn
May 18, 2015 4:33:27 PM org.kohsuke.stapler.RequestImpl$TypePair convertJSON
WARNING: 'stapler-class' is deprecated: com.cloudbees.plugins.credentials.impl.UsernamePasswordCredentialsImpl
May 18, 2015 4:35:55 PM org.kohsuke.stapler.RequestImpl$TypePair convertJSON
WARNING: 'stapler-class' is deprecated: hudson.markup.EscapedMarkupFormatter
May 18, 2015 4:38:08 PM hudson.model.Run execute
INFO: cache clearence #4 main build action completed: SUCCESS
May 19, 2015 12:23:05 AM hudson.model.AsyncPeriodicWork$1 run
INFO: Started Fingerprint cleanup
May 19, 2015 12:23:05 AM hudson.model.AsyncPeriodicWork$1 run
INFO: Finished Fingerprint cleanup. 0 ms
May 19, 2015 3:11:37 AM hudson.model.AsyncPeriodicWork$1 run
INFO: Started Workspace clean-up
May 19, 2015 3:11:37 AM hudson.model.AsyncPeriodicWork$1 run
INFO: Finished Workspace clean-up. 31 ms
May 19, 2015 1:13:10 PM hudson.model.AsyncPeriodicWork$1 run
INFO: Started Download metadata
May 19, 2015 1:13:26 PM hudson.model.UpdateSite updateData
INFO: Obtained the latest update center data file for UpdateSource default
May 19, 2015 1:13:28 PM hudson.model.DownloadService$Downloadable load
INFO: Obtained the updated data file for hudson.tasks.Maven.MavenInstaller
May 19, 2015 1:13:30 PM hudson.model.DownloadService$Downloadable load
INFO: Obtained the updated data file for hudson.tasks.Ant.AntInstaller
May 19, 2015 1:13:39 PM hudson.model.DownloadService$Downloadable load
INFO: Obtained the updated data file for hudson.tools.JDKInstaller
May 19, 2015 1:13:39 PM hudson.model.AsyncPeriodicWork$1 run
INFO: Finished Download metadata. 28,671 ms
