May 18, 2015 11:53:18 AM org.apache.catalina.core.ApplicationContext log
INFO: ContextListener: contextInitialized()
May 18, 2015 11:53:18 AM org.apache.catalina.core.ApplicationContext log
INFO: SessionListener: contextInitialized()
May 18, 2015 11:54:23 AM org.apache.catalina.core.ApplicationContext log
INFO: SessionListener: contextDestroyed()
May 18, 2015 11:54:23 AM org.apache.catalina.core.ApplicationContext log
INFO: ContextListener: contextDestroyed()
May 18, 2015 11:55:51 AM org.apache.catalina.core.ApplicationContext log
INFO: ContextListener: contextInitialized()
May 18, 2015 11:55:51 AM org.apache.catalina.core.ApplicationContext log
INFO: SessionListener: contextInitialized()
May 18, 2015 11:55:53 AM org.apache.catalina.core.ApplicationContext log
INFO: SessionListener: contextDestroyed()
May 18, 2015 11:55:53 AM org.apache.catalina.core.ApplicationContext log
INFO: ContextListener: contextDestroyed()
May 18, 2015 11:56:08 AM org.apache.catalina.core.ApplicationContext log
INFO: ContextListener: contextInitialized()
May 18, 2015 11:56:08 AM org.apache.catalina.core.ApplicationContext log
INFO: SessionListener: contextInitialized()
May 18, 2015 11:57:51 AM org.apache.catalina.core.ApplicationContext log
INFO: SessionListener: contextDestroyed()
May 18, 2015 11:57:51 AM org.apache.catalina.core.ApplicationContext log
INFO: ContextListener: contextDestroyed()
May 18, 2015 11:57:57 AM org.apache.catalina.core.ApplicationContext log
INFO: ContextListener: contextInitialized()
May 18, 2015 11:57:57 AM org.apache.catalina.core.ApplicationContext log
INFO: SessionListener: contextInitialized()
May 18, 2015 11:58:40 AM org.apache.catalina.core.ApplicationContext log
INFO: SessionListener: contextDestroyed()
May 18, 2015 11:58:40 AM org.apache.catalina.core.ApplicationContext log
INFO: ContextListener: contextDestroyed()
May 18, 2015 11:59:13 AM org.apache.catalina.core.ApplicationContext log
INFO: ContextListener: contextInitialized()
May 18, 2015 11:59:13 AM org.apache.catalina.core.ApplicationContext log
INFO: SessionListener: contextInitialized()
May 18, 2015 12:00:06 PM org.apache.catalina.core.ApplicationContext log
INFO: SessionListener: contextDestroyed()
May 18, 2015 12:00:06 PM org.apache.catalina.core.ApplicationContext log
INFO: ContextListener: contextDestroyed()
May 18, 2015 12:01:15 PM org.apache.catalina.core.ApplicationContext log
INFO: ContextListener: contextInitialized()
May 18, 2015 12:01:15 PM org.apache.catalina.core.ApplicationContext log
INFO: SessionListener: contextInitialized()
May 18, 2015 12:01:50 PM org.apache.catalina.core.ApplicationContext log
INFO: SessionListener: contextDestroyed()
May 18, 2015 12:01:50 PM org.apache.catalina.core.ApplicationContext log
INFO: ContextListener: contextDestroyed()
May 18, 2015 12:03:03 PM org.apache.catalina.core.ApplicationContext log
INFO: ContextListener: contextInitialized()
May 18, 2015 12:03:03 PM org.apache.catalina.core.ApplicationContext log
INFO: SessionListener: contextInitialized()
May 18, 2015 12:04:14 PM org.apache.catalina.core.ApplicationContext log
INFO: SessionListener: contextDestroyed()
May 18, 2015 12:04:14 PM org.apache.catalina.core.ApplicationContext log
INFO: ContextListener: contextDestroyed()
May 18, 2015 12:05:32 PM org.apache.catalina.core.ApplicationContext log
INFO: ContextListener: contextInitialized()
May 18, 2015 12:05:32 PM org.apache.catalina.core.ApplicationContext log
INFO: SessionListener: contextInitialized()
May 18, 2015 12:21:59 PM org.apache.catalina.core.ApplicationContext log
INFO: SessionListener: contextDestroyed()
May 18, 2015 12:21:59 PM org.apache.catalina.core.ApplicationContext log
INFO: ContextListener: contextDestroyed()
May 18, 2015 1:01:35 PM org.apache.catalina.core.ApplicationContext log
INFO: ContextListener: contextInitialized()
May 18, 2015 1:01:35 PM org.apache.catalina.core.ApplicationContext log
INFO: SessionListener: contextInitialized()
May 18, 2015 1:12:34 PM org.apache.catalina.core.ApplicationContext log
INFO: SessionListener: contextDestroyed()
May 18, 2015 1:12:34 PM org.apache.catalina.core.ApplicationContext log
INFO: ContextListener: contextDestroyed()
May 18, 2015 1:13:02 PM org.apache.catalina.core.ApplicationContext log
INFO: ContextListener: contextInitialized()
May 18, 2015 1:13:02 PM org.apache.catalina.core.ApplicationContext log
INFO: SessionListener: contextInitialized()
